Log file open, 02/04/23 18:41:30
LogWindows: Failed to load 'aqProf.dll' (GetLastError=126)
LogWindows: File 'aqProf.dll' does not exist
LogWindows: Failed to load 'VtuneApi.dll' (GetLastError=126)
LogWindows: File 'VtuneApi.dll' does not exist
LogWindows: Failed to load 'VtuneApi32e.dll' (GetLastError=126)
LogWindows: File 'VtuneApi32e.dll' does not exist
LogConsoleResponse: Display: Failed to find resolution value strings in scalability ini. Falling back to default.
LogConsoleResponse: Display: Failed to find resolution value strings in scalability ini. Falling back to default.
LogInit: Display: Running engine for game: Orkcest
LogPlatformFile: Not using cached read wrapper
LogTaskGraph: Started task graph with 5 named threads and 47 total threads with 3 sets of task threads.
LogStats: Stats thread started at 0.201854
LogICUInternationalization: ICU TimeZone Detection - Raw Offset: +1:00, Platform Override: ''
LogInit: Display: Loading text-based GConfig....
LogPluginManager: Mounting plugin MeshPainting
LogPluginManager: Mounting plugin XGEController
LogPluginManager: Mounting plugin Paper2D
LogPluginManager: Mounting plugin LiveLink
LogPluginManager: Mounting plugin AISupport
LogPluginManager: Mounting plugin LightPropagationVolume
LogPluginManager: Mounting plugin CameraShakePreviewer
LogPluginManager: Mounting plugin GameplayCameras
LogPluginManager: Mounting plugin EnvironmentQueryEditor
LogPluginManager: Mounting plugin OodleData
LogPluginManager: Mounting plugin AnimationSharing
LogPluginManager: Mounting plugin CLionSourceCodeAccess
LogPluginManager: Mounting plugin OodleNetwork
LogPluginManager: Mounting plugin CodeLiteSourceCodeAccess
LogPluginManager: Mounting plugin GitSourceControl
LogPluginManager: Mounting plugin NullSourceCodeAccess
LogPluginManager: Mounting plugin KDevelopSourceCodeAccess
LogPluginManager: Mounting plugin PluginUtils
LogPluginManager: Mounting plugin PixWinPlugin
LogPluginManager: Mounting plugin PerforceSourceControl
LogPluginManager: Mounting plugin PlasticSourceControl
LogPluginManager: Mounting plugin RiderSourceCodeAccess
LogPluginManager: Mounting plugin VisualStudioSourceCodeAccess
LogPluginManager: Mounting plugin VisualStudioCodeSourceCodeAccess
LogPluginManager: Mounting plugin TextureFormatOodle
LogPluginManager: Mounting plugin PropertyAccessNode
LogPluginManager: Mounting plugin XCodeSourceCodeAccess
LogPluginManager: Mounting plugin AssetManagerEditor
LogPluginManager: Mounting plugin SubversionSourceControl
LogPluginManager: Mounting plugin UObjectPlugin
LogPluginManager: Mounting plugin CurveEditorTools
LogPluginManager: Mounting plugin FacialAnimation
LogPluginManager: Mounting plugin CryptoKeys
LogPluginManager: Mounting plugin DataValidation
LogPluginManager: Mounting plugin GeometryMode
LogPluginManager: Mounting plugin MacGraphicsSwitching
LogPluginManager: Mounting plugin MaterialAnalyzer
LogPluginManager: Mounting plugin GameplayTagsEditor
LogPluginManager: Mounting plugin MobileLauncherProfileWizard
LogPluginManager: Mounting plugin SpeedTreeImporter
LogPluginManager: Mounting plugin PluginBrowser
LogPluginManager: Mounting plugin DatasmithContent
LogPluginManager: Mounting plugin VariantManagerContent
LogPluginManager: Mounting plugin Niagara
LogPluginManager: Mounting plugin AlembicImporter
LogPluginManager: Mounting plugin AutomationUtils
LogPluginManager: Mounting plugin BackChannel
LogPluginManager: Mounting plugin ChaosEditor
LogPluginManager: Mounting plugin ChaosCloth
LogPluginManager: Mounting plugin ChaosNiagara
LogPluginManager: Mounting plugin ChaosClothEditor
LogPluginManager: Mounting plugin ChaosSolverPlugin
LogPluginManager: Mounting plugin CharacterAI
LogPluginManager: Mounting plugin GeometryCache
LogPluginManager: Mounting plugin GeometryCollectionPlugin
LogPluginManager: Mounting plugin GeometryProcessing
LogPluginManager: Mounting plugin MotoSynth
LogPluginManager: Mounting plugin OpenImageDenoise
LogPluginManager: Mounting plugin PlanarCut
LogPluginManager: Mounting plugin PlatformCrypto
LogPluginManager: Mounting plugin ProxyLODPlugin
LogPluginManager: Mounting plugin PythonScriptPlugin
LogPluginManager: Mounting plugin SkeletalReduction
LogPluginManager: Mounting plugin AndroidMedia
LogPluginManager: Mounting plugin AvfMedia
LogPluginManager: Mounting plugin ImgMedia
LogPluginManager: Mounting plugin MediaCompositing
LogPluginManager: Mounting plugin MediaPlayerEditor
LogPluginManager: Mounting plugin LuminPlatformFeatures
LogPluginManager: Mounting plugin MagicLeap
LogPluginManager: Mounting plugin WmfMedia
LogPluginManager: Mounting plugin WebMMedia
LogPluginManager: Mounting plugin MagicLeapLightEstimation
LogPluginManager: Mounting plugin MagicLeapMedia
LogPluginManager: Mounting plugin MagicLeapPassableWorld
LogPluginManager: Mounting plugin MLSDK
LogPluginManager: Mounting plugin ActorSequence
LogPluginManager: Mounting plugin MatineeToLevelSequence
LogPluginManager: Mounting plugin TemplateSequence
LogPluginManager: Mounting plugin LevelSequenceEditor
LogPluginManager: Mounting plugin TcpMessaging
LogPluginManager: Mounting plugin UdpMessaging
LogPluginManager: Mounting plugin OnlineSubsystem
LogPluginManager: Mounting plugin OnlineSubsystemNull
LogPluginManager: Mounting plugin OnlineSubsystemUtils
LogPluginManager: Mounting plugin LauncherChunkInstaller
LogPluginManager: Mounting plugin ActorLayerUtilities
LogPluginManager: Mounting plugin AndroidDeviceProfileSelector
LogPluginManager: Mounting plugin AndroidMoviePlayer
LogPluginManager: Mounting plugin AndroidPermission
LogPluginManager: Mounting plugin AppleMoviePlayer
LogPluginManager: Mounting plugin AppleImageUtils
LogPluginManager: Mounting plugin ArchVisCharacter
LogPluginManager: Mounting plugin AudioCapture
LogPluginManager: Mounting plugin AudioSynesthesia
LogPluginManager: Mounting plugin CableComponent
LogPluginManager: Mounting plugin ChunkDownloader
LogPluginManager: Mounting plugin AssetTags
LogPluginManager: Mounting plugin EditableMesh
LogPluginManager: Mounting plugin ExampleDeviceProfileSelector
LogPluginManager: Mounting plugin CustomMeshComponent
LogPluginManager: Mounting plugin ScreenshotTools
LogPluginManager: Mounting plugin GoogleCloudMessaging
LogPluginManager: Mounting plugin GooglePAD
LogPluginManager: Mounting plugin IOSDeviceProfileSelector
LogPluginManager: Mounting plugin LinuxDeviceProfileSelector
LogPluginManager: Mounting plugin LocationServicesBPLibrary
LogPluginManager: Mounting plugin MobilePatchingUtils
LogPluginManager: Mounting plugin OpenXREyeTracker
LogPluginManager: Mounting plugin OpenXR
LogPluginManager: Mounting plugin OpenXRHandTracking
LogPluginManager: Mounting plugin PhysXVehicles
LogPluginManager: Mounting plugin PostSplashScreen
LogPluginManager: Mounting plugin ProceduralMeshComponent
LogPluginManager: Mounting plugin PropertyAccessEditor
LogPluginManager: Mounting plugin RuntimePhysXCooking
LogPluginManager: Mounting plugin SignificanceManager
LogPluginManager: Mounting plugin SoundFields
LogPluginManager: Mounting plugin Synthesis
LogPluginManager: Mounting plugin WebMMoviePlayer
LogPluginManager: Mounting plugin WindowsMoviePlayer
LogPluginManager: Mounting plugin Takes
LogPluginManager: Mounting plugin ContentBrowserAssetDataSource
LogPluginManager: Mounting plugin ContentBrowserClassDataSource
LogPluginManager: Mounting plugin ContentBrowserFileDataSource
LogPluginManager: Mounting plugin OnlineSubsystemIOS
LogPluginManager: Mounting plugin OnlineSubsystemGooglePlay
LogPluginManager: Mounting plugin OculusVR
LogPluginManager: Mounting plugin SteamVR
PixWinPlugin: PIX capture plugin failed to initialize! Check that the process is launched from PIX.
LogInit: Using libcurl 7.55.1-DEV
LogInit:  - built for x86_64-pc-win32
LogInit:  - supports SSL with OpenSSL/1.1.1
LogInit:  - supports HTTP deflate (compression) using libz 1.2.8
LogInit:  - other features:
LogInit:      CURL_VERSION_SSL
LogInit:      CURL_VERSION_LIBZ
LogInit:      CURL_VERSION_IPV6
LogInit:      CURL_VERSION_ASYNCHDNS
LogInit:      CURL_VERSION_LARGEFILE
LogInit:      CURL_VERSION_IDN
LogInit:  CurlRequestOptions (configurable via config and command line):
LogInit:  - bVerifyPeer = true  - Libcurl will verify peer certificate
LogInit:  - bUseHttpProxy = false  - Libcurl will NOT use HTTP proxy
LogInit:  - bDontReuseConnections = false  - Libcurl will reuse connections
LogInit:  - MaxHostConnections = 16  - Libcurl will limit the number of connections to a host
LogInit:  - LocalHostAddr = Default
LogInit:  - BufferSize = 65536
LogOnline: OSS: Creating online subsystem instance for: NULL
LogInit: WinSock: version 1.1 (2.2), MaxSocks=32767, MaxUdp=65467
LogOnline: OSS: TryLoadSubsystemAndSetDefault: Loaded subsystem for module [NULL]
LogOculusPluginWrapper: OculusPlugin initialized successfully
LogHMD: Failed initializing OVRPlugin 1.59.0
LogInit: Build: ++UE4+Release-4.27-CL-18319896
LogInit: Engine Version: 4.27.2-18319896+++UE4+Release-4.27
LogInit: Compatible Engine Version: 4.27.0-17155196+++UE4+Release-4.27
LogInit: Net CL: 17155196
LogInit: OS: Windows 10 (Release 2009) (), CPU: 12th Gen Intel(R) Core(TM) i7-12650H, GPU: Intel(R) UHD Graphics
LogInit: Compiled (64-bit): Nov 30 2021 07:12:08
LogInit: Compiled with Visual C++: 19.24.28315.00
LogInit: Build Configuration: Development
LogInit: Branch Name: ++UE4+Release-4.27
LogInit: Command Line: 
LogInit: Base Directory: C:/Program Files/Epic Games/UE_4.27/Engine/Binaries/Win64/
LogInit: Allocator: TBB
LogInit: Installed Engine Build: 1
LogDevObjectVersion: Number of dev versions registered: 29
LogDevObjectVersion:   Dev-Blueprints (B0D832E4-1F89-4F0D-ACCF-7EB736FD4AA2): 10
LogDevObjectVersion:   Dev-Build (E1C64328-A22C-4D53-A36C-8E866417BD8C): 0
LogDevObjectVersion:   Dev-Core (375EC13C-06E4-48FB-B500-84F0262A717E): 4
LogDevObjectVersion:   Dev-Editor (E4B068ED-F494-42E9-A231-DA0B2E46BB41): 40
LogDevObjectVersion:   Dev-Framework (CFFC743F-43B0-4480-9391-14DF171D2073): 37
LogDevObjectVersion:   Dev-Mobile (B02B49B5-BB20-44E9-A304-32B752E40360): 3
LogDevObjectVersion:   Dev-Networking (A4E4105C-59A1-49B5-A7C5-40C4547EDFEE): 0
LogDevObjectVersion:   Dev-Online (39C831C9-5AE6-47DC-9A44-9C173E1C8E7C): 0
LogDevObjectVersion:   Dev-Physics (78F01B33-EBEA-4F98-B9B4-84EACCB95AA2): 14
LogDevObjectVersion:   Dev-Platform (6631380F-2D4D-43E0-8009-CF276956A95A): 0
LogDevObjectVersion:   Dev-Rendering (12F88B9F-8875-4AFC-A67C-D90C383ABD29): 45
LogDevObjectVersion:   Dev-Sequencer (7B5AE74C-D270-4C10-A958-57980B212A5A): 13
LogDevObjectVersion:   Dev-VR (D7296918-1DD6-4BDD-9DE2-64A83CC13884): 3
LogDevObjectVersion:   Dev-LoadTimes (C2A15278-BFE7-4AFE-6C17-90FF531DF755): 1
LogDevObjectVersion:   Private-Geometry (6EACA3D4-40EC-4CC1-B786-8BED09428FC5): 3
LogDevObjectVersion:   Dev-AnimPhys (29E575DD-E0A3-4627-9D10-D276232CDCEA): 17
LogDevObjectVersion:   Dev-Anim (AF43A65D-7FD3-4947-9873-3E8ED9C1BB05): 15
LogDevObjectVersion:   Dev-ReflectionCapture (6B266CEC-1EC7-4B8F-A30B-E4D90942FC07): 1
LogDevObjectVersion:   Dev-Automation (0DF73D61-A23F-47EA-B727-89E90C41499A): 1
LogDevObjectVersion:   FortniteMain (601D1886-AC64-4F84-AA16-D3DE0DEAC7D6): 47
LogDevObjectVersion:   FortniteRelease (E7086368-6B23-4C58-8439-1B7016265E91): 1
LogDevObjectVersion:   Dev-Enterprise (9DFFBCD6-494F-0158-E221-12823C92A888): 10
LogDevObjectVersion:   Dev-Niagara (F2AED0AC-9AFE-416F-8664-AA7FFA26D6FC): 1
LogDevObjectVersion:   Dev-Destruction (174F1F0B-B4C6-45A5-B13F-2EE8D0FB917D): 10
LogDevObjectVersion:   Dev-Physics-Ext (35F94A83-E258-406C-A318-09F59610247C): 41
LogDevObjectVersion:   Dev-PhysicsMaterial-Chaos (B68FC16E-8B1B-42E2-B453-215C058844FE): 1
LogDevObjectVersion:   Dev-CineCamera (B2E18506-4273-CFC2-A54E-F4BB758BBA07): 1
LogDevObjectVersion:   Dev-VirtualProduction (64F58936-FD1B-42BA-BA96-7289D5D0FA4E): 1
LogDevObjectVersion:   Dev-MediaFramework (6F0ED827-A609-4895-9C91-998D90180EA4): 2
LogInit: Presizing for max 25165824 objects, including 0 objects not considered by GC, pre-allocating 0 bytes for permanent pool.
LogConfig: Applying CVar settings from Section [/Script/Engine.StreamingSettings] File [C:/Users/Kike/Github/orkcest/Orkcest/Saved/Config/Windows/Engine.ini]
LogConfig: Setting CVar [[s.MinBulkDataSizeForAsyncLoading:131072]]
LogConfig: Setting CVar [[s.AsyncLoadingThreadEnabled:0]]
LogConfig: Setting CVar [[s.EventDrivenLoaderEnabled:1]]
LogConfig: Setting CVar [[s.WarnIfTimeLimitExceeded:0]]
LogConfig: Setting CVar [[s.TimeLimitExceededMultiplier:1.5]]
LogConfig: Setting CVar [[s.TimeLimitExceededMinTime:0.005]]
LogConfig: Setting CVar [[s.UseBackgroundLevelStreaming:1]]
LogConfig: Setting CVar [[s.PriorityAsyncLoadingExtraTime:15.0]]
LogConfig: Setting CVar [[s.LevelStreamingActorsUpdateTimeLimit:5.0]]
LogConfig: Setting CVar [[s.PriorityLevelStreamingActorsUpdateExtraTime:5.0]]
LogConfig: Setting CVar [[s.LevelStreamingComponentsRegistrationGranularity:10]]
LogConfig: Setting CVar [[s.UnregisterComponentsTimeLimit:1.0]]
LogConfig: Setting CVar [[s.LevelStreamingComponentsUnregistrationGranularity:5]]
LogConfig: Setting CVar [[s.FlushStreamingOnExit:1]]
LogInit: Object subsystem initialized
LogConfig: Setting CVar [[con.DebugEarlyDefault:1]]
LogConfig: Setting CVar [[r.setres:1280x720]]
[2023.02.04-17.41.30:481][  0]LogConfig: Setting CVar [[r.VSync:0]]
[2023.02.04-17.41.30:482][  0]LogConfig: Setting CVar [[r.RHICmdBypass:0]]
[2023.02.04-17.41.30:482][  0]LogConfig: Applying CVar settings from Section [/Script/Engine.RendererSettings] File [C:/Users/Kike/Github/orkcest/Orkcest/Saved/Config/Windows/Engine.ini]
[2023.02.04-17.41.30:482][  0]LogConfig: Setting CVar [[r.GPUCrashDebugging:0]]
[2023.02.04-17.41.30:482][  0]LogConfig: Applying CVar settings from Section [/Script/Engine.RendererOverrideSettings] File [C:/Users/Kike/Github/orkcest/Orkcest/Saved/Config/Windows/Engine.ini]
[2023.02.04-17.41.30:482][  0]LogConfig: Applying CVar settings from Section [/Script/Engine.StreamingSettings] File [C:/Users/Kike/Github/orkcest/Orkcest/Saved/Config/Windows/Engine.ini]
[2023.02.04-17.41.30:482][  0]LogConfig: Setting CVar [[s.MinBulkDataSizeForAsyncLoading:131072]]
[2023.02.04-17.41.30:482][  0]LogConfig: Setting CVar [[s.AsyncLoadingThreadEnabled:0]]
[2023.02.04-17.41.30:482][  0]LogConfig: Setting CVar [[s.EventDrivenLoaderEnabled:1]]
[2023.02.04-17.41.30:482][  0]LogConfig: Setting CVar [[s.WarnIfTimeLimitExceeded:0]]
[2023.02.04-17.41.30:482][  0]LogConfig: Setting CVar [[s.TimeLimitExceededMultiplier:1.5]]
[2023.02.04-17.41.30:482][  0]LogConfig: Setting CVar [[s.TimeLimitExceededMinTime:0.005]]
[2023.02.04-17.41.30:482][  0]LogConfig: Setting CVar [[s.UseBackgroundLevelStreaming:1]]
[2023.02.04-17.41.30:482][  0]LogConfig: Setting CVar [[s.PriorityAsyncLoadingExtraTime:15.0]]
[2023.02.04-17.41.30:482][  0]LogConfig: Setting CVar [[s.LevelStreamingActorsUpdateTimeLimit:5.0]]
[2023.02.04-17.41.30:482][  0]LogConfig: Setting CVar [[s.PriorityLevelStreamingActorsUpdateExtraTime:5.0]]
[2023.02.04-17.41.30:482][  0]LogConfig: Setting CVar [[s.LevelStreamingComponentsRegistrationGranularity:10]]
[2023.02.04-17.41.30:482][  0]LogConfig: Setting CVar [[s.UnregisterComponentsTimeLimit:1.0]]
[2023.02.04-17.41.30:482][  0]LogConfig: Setting CVar [[s.LevelStreamingComponentsUnregistrationGranularity:5]]
[2023.02.04-17.41.30:482][  0]LogConfig: Setting CVar [[s.FlushStreamingOnExit:1]]
[2023.02.04-17.41.30:482][  0]LogConfig: Applying CVar settings from Section [/Script/Engine.GarbageCollectionSettings] File [C:/Users/Kike/Github/orkcest/Orkcest/Saved/Config/Windows/Engine.ini]
[2023.02.04-17.41.30:482][  0]LogConfig: Setting CVar [[gc.MaxObjectsNotConsideredByGC:1]]
[2023.02.04-17.41.30:482][  0]LogConfig: Setting CVar [[gc.SizeOfPermanentObjectPool:0]]
[2023.02.04-17.41.30:482][  0]LogConfig: Setting CVar [[gc.FlushStreamingOnGC:0]]
[2023.02.04-17.41.30:482][  0]LogConfig: Setting CVar [[gc.NumRetriesBeforeForcingGC:10]]
[2023.02.04-17.41.30:482][  0]LogConfig: Setting CVar [[gc.AllowParallelGC:1]]
[2023.02.04-17.41.30:482][  0]LogConfig: Setting CVar [[gc.TimeBetweenPurgingPendingKillObjects:61.1]]
[2023.02.04-17.41.30:482][  0]LogConfig: Setting CVar [[gc.MaxObjectsInEditor:25165824]]
[2023.02.04-17.41.30:482][  0]LogConfig: Setting CVar [[gc.IncrementalBeginDestroyEnabled:1]]
[2023.02.04-17.41.30:482][  0]LogConfig: Setting CVar [[gc.CreateGCClusters:1]]
[2023.02.04-17.41.30:483][  0]LogConfig: Setting CVar [[gc.MinGCClusterSize:5]]
[2023.02.04-17.41.30:483][  0]LogConfig: Setting CVar [[gc.ActorClusteringEnabled:0]]
[2023.02.04-17.41.30:483][  0]LogConfig: Setting CVar [[gc.BlueprintClusteringEnabled:0]]
[2023.02.04-17.41.30:483][  0]LogConfig: Setting CVar [[gc.UseDisregardForGCOnDedicatedServers:0]]
[2023.02.04-17.41.30:483][  0]LogConfig: Setting CVar [[gc.MultithreadedDestructionEnabled:1]]
[2023.02.04-17.41.30:483][  0]LogConfig: Applying CVar settings from Section [/Script/Engine.NetworkSettings] File [C:/Users/Kike/Github/orkcest/Orkcest/Saved/Config/Windows/Engine.ini]
[2023.02.04-17.41.30:483][  0]LogConfig: Applying CVar settings from Section [/Script/UnrealEd.CookerSettings] File [C:/Users/Kike/Github/orkcest/Orkcest/Saved/Config/Windows/Engine.ini]
[2023.02.04-17.41.30:487][  0]LogConfig: Applying CVar settings from Section [ViewDistanceQuality@3] File [C:/Users/Kike/Github/orkcest/Orkcest/Saved/Config/Windows/Scalability.ini]
[2023.02.04-17.41.30:487][  0]LogConfig: Setting CVar [[r.SkeletalMeshLODBias:0]]
[2023.02.04-17.41.30:487][  0]LogConfig: Setting CVar [[r.ViewDistanceScale:1.0]]
[2023.02.04-17.41.30:487][  0]LogConfig: Applying CVar settings from Section [AntiAliasingQuality@3] File [C:/Users/Kike/Github/orkcest/Orkcest/Saved/Config/Windows/Scalability.ini]
[2023.02.04-17.41.30:487][  0]LogConfig: Setting CVar [[r.PostProcessAAQuality:4]]
[2023.02.04-17.41.30:487][  0]LogConfig: Applying CVar settings from Section [ShadowQuality@3] File [C:/Users/Kike/Github/orkcest/Orkcest/Saved/Config/Windows/Scalability.ini]
[2023.02.04-17.41.30:487][  0]LogConfig: Setting CVar [[r.LightFunctionQuality:1]]
[2023.02.04-17.41.30:487][  0]LogConfig: Setting CVar [[r.ShadowQuality:5]]
[2023.02.04-17.41.30:487][  0]LogConfig: Setting CVar [[r.Shadow.CSM.MaxCascades:10]]
[2023.02.04-17.41.30:487][  0]LogConfig: Setting CVar [[r.Shadow.MaxResolution:2048]]
[2023.02.04-17.41.30:487][  0]LogConfig: Setting CVar [[r.Shadow.MaxCSMResolution:2048]]
[2023.02.04-17.41.30:487][  0]LogConfig: Setting CVar [[r.Shadow.RadiusThreshold:0.01]]
[2023.02.04-17.41.30:487][  0]LogConfig: Setting CVar [[r.Shadow.DistanceScale:1.0]]
[2023.02.04-17.41.30:487][  0]LogConfig: Setting CVar [[r.Shadow.CSM.TransitionScale:1.0]]
[2023.02.04-17.41.30:487][  0]LogConfig: Setting CVar [[r.Shadow.PreShadowResolutionFactor:1.0]]
[2023.02.04-17.41.30:487][  0]LogConfig: Setting CVar [[r.DistanceFieldShadowing:1]]
[2023.02.04-17.41.30:487][  0]LogConfig: Setting CVar [[r.DistanceFieldAO:1]]
[2023.02.04-17.41.30:487][  0]LogConfig: Setting CVar [[r.AOQuality:2]]
[2023.02.04-17.41.30:487][  0]LogConfig: Setting CVar [[r.VolumetricFog:1]]
[2023.02.04-17.41.30:487][  0]LogConfig: Setting CVar [[r.VolumetricFog.GridPixelSize:8]]
[2023.02.04-17.41.30:487][  0]LogConfig: Setting CVar [[r.VolumetricFog.GridSizeZ:128]]
[2023.02.04-17.41.30:487][  0]LogConfig: Setting CVar [[r.VolumetricFog.HistoryMissSupersampleCount:4]]
[2023.02.04-17.41.30:487][  0]LogConfig: Setting CVar [[r.LightMaxDrawDistanceScale:1]]
[2023.02.04-17.41.30:487][  0]LogConfig: Setting CVar [[r.CapsuleShadows:1]]
[2023.02.04-17.41.30:487][  0]LogConfig: Applying CVar settings from Section [PostProcessQuality@3] File [C:/Users/Kike/Github/orkcest/Orkcest/Saved/Config/Windows/Scalability.ini]
[2023.02.04-17.41.30:487][  0]LogConfig: Setting CVar [[r.MotionBlurQuality:4]]
[2023.02.04-17.41.30:487][  0]LogConfig: Setting CVar [[r.AmbientOcclusionMipLevelFactor:0.4]]
[2023.02.04-17.41.30:487][  0]LogConfig: Setting CVar [[r.AmbientOcclusionMaxQuality:100]]
[2023.02.04-17.41.30:487][  0]LogConfig: Setting CVar [[r.AmbientOcclusionLevels:-1]]
[2023.02.04-17.41.30:487][  0]LogConfig: Setting CVar [[r.AmbientOcclusionRadiusScale:1.0]]
[2023.02.04-17.41.30:487][  0]LogConfig: Setting CVar [[r.DepthOfFieldQuality:2]]
[2023.02.04-17.41.30:487][  0]LogConfig: Setting CVar [[r.RenderTargetPoolMin:400]]
[2023.02.04-17.41.30:487][  0]LogConfig: Setting CVar [[r.LensFlareQuality:2]]
[2023.02.04-17.41.30:487][  0]LogConfig: Setting CVar [[r.SceneColorFringeQuality:1]]
[2023.02.04-17.41.30:487][  0]LogConfig: Setting CVar [[r.EyeAdaptationQuality:2]]
[2023.02.04-17.41.30:487][  0]LogConfig: Setting CVar [[r.BloomQuality:5]]
[2023.02.04-17.41.30:487][  0]LogConfig: Setting CVar [[r.FastBlurThreshold:100]]
[2023.02.04-17.41.30:487][  0]LogConfig: Setting CVar [[r.Upscale.Quality:3]]
[2023.02.04-17.41.30:487][  0]LogConfig: Setting CVar [[r.Tonemapper.GrainQuantization:1]]
[2023.02.04-17.41.30:487][  0]LogConfig: Setting CVar [[r.LightShaftQuality:1]]
[2023.02.04-17.41.30:487][  0]LogConfig: Setting CVar [[r.Filter.SizeScale:1]]
[2023.02.04-17.41.30:487][  0]LogConfig: Setting CVar [[r.Tonemapper.Quality:5]]
[2023.02.04-17.41.30:487][  0]LogConfig: Setting CVar [[r.DOF.Gather.AccumulatorQuality:1        ; higher gathering accumulator quality]]
[2023.02.04-17.41.30:487][  0]LogConfig: Setting CVar [[r.DOF.Gather.PostfilterMethod:1          ; Median3x3 postfilering method]]
[2023.02.04-17.41.30:487][  0]LogConfig: Setting CVar [[r.DOF.Gather.EnableBokehSettings:0       ; no bokeh simulation when gathering]]
[2023.02.04-17.41.30:487][  0]LogConfig: Setting CVar [[r.DOF.Gather.RingCount:4                 ; medium number of samples when gathering]]
[2023.02.04-17.41.30:487][  0]LogConfig: Setting CVar [[r.DOF.Scatter.ForegroundCompositing:1    ; additive foreground scattering]]
[2023.02.04-17.41.30:487][  0]LogConfig: Setting CVar [[r.DOF.Scatter.BackgroundCompositing:2    ; additive background scattering]]
[2023.02.04-17.41.30:488][  0]LogConfig: Setting CVar [[r.DOF.Scatter.EnableBokehSettings:1      ; bokeh simulation when scattering]]
[2023.02.04-17.41.30:488][  0]LogConfig: Setting CVar [[r.DOF.Scatter.MaxSpriteRatio:0.1         ; only a maximum of 10% of scattered bokeh]]
[2023.02.04-17.41.30:488][  0]LogConfig: Setting CVar [[r.DOF.Recombine.Quality:1                ; cheap slight out of focus]]
[2023.02.04-17.41.30:488][  0]LogConfig: Setting CVar [[r.DOF.Recombine.EnableBokehSettings:0    ; no bokeh simulation on slight out of focus]]
[2023.02.04-17.41.30:488][  0]LogConfig: Setting CVar [[r.DOF.TemporalAAQuality:1                ; more stable temporal accumulation]]
[2023.02.04-17.41.30:488][  0]LogConfig: Setting CVar [[r.DOF.Kernel.MaxForegroundRadius:0.025]]
[2023.02.04-17.41.30:488][  0]LogConfig: Setting CVar [[r.DOF.Kernel.MaxBackgroundRadius:0.025]]
[2023.02.04-17.41.30:488][  0]LogConfig: Applying CVar settings from Section [TextureQuality@3] File [C:/Users/Kike/Github/orkcest/Orkcest/Saved/Config/Windows/Scalability.ini]
[2023.02.04-17.41.30:488][  0]LogConfig: Setting CVar [[r.Streaming.MipBias:0]]
[2023.02.04-17.41.30:488][  0]LogConfig: Setting CVar [[r.Streaming.AmortizeCPUToGPUCopy:0]]
[2023.02.04-17.41.30:488][  0]LogConfig: Setting CVar [[r.Streaming.MaxNumTexturesToStreamPerFrame:0]]
[2023.02.04-17.41.30:488][  0]LogConfig: Setting CVar [[r.Streaming.Boost:1]]
[2023.02.04-17.41.30:488][  0]LogConfig: Setting CVar [[r.MaxAnisotropy:8]]
[2023.02.04-17.41.30:488][  0]LogConfig: Setting CVar [[r.VT.MaxAnisotropy:8]]
[2023.02.04-17.41.30:488][  0]LogConfig: Setting CVar [[r.Streaming.LimitPoolSizeToVRAM:0]]
[2023.02.04-17.41.30:488][  0]LogConfig: Setting CVar [[r.Streaming.PoolSize:1000]]
[2023.02.04-17.41.30:488][  0]LogConfig: Setting CVar [[r.Streaming.MaxEffectiveScreenSize:0]]
[2023.02.04-17.41.30:488][  0]LogConfig: Applying CVar settings from Section [EffectsQuality@3] File [C:/Users/Kike/Github/orkcest/Orkcest/Saved/Config/Windows/Scalability.ini]
[2023.02.04-17.41.30:488][  0]LogConfig: Setting CVar [[r.TranslucencyLightingVolumeDim:64]]
[2023.02.04-17.41.30:488][  0]LogConfig: Setting CVar [[r.RefractionQuality:2]]
[2023.02.04-17.41.30:488][  0]LogConfig: Setting CVar [[r.SSR.Quality:3]]
[2023.02.04-17.41.30:488][  0]LogConfig: Setting CVar [[r.SSR.HalfResSceneColor:0]]
[2023.02.04-17.41.30:488][  0]LogConfig: Setting CVar [[r.SceneColorFormat:4]]
[2023.02.04-17.41.30:488][  0]LogConfig: Setting CVar [[r.DetailMode:2]]
[2023.02.04-17.41.30:488][  0]LogConfig: Setting CVar [[r.TranslucencyVolumeBlur:1]]
[2023.02.04-17.41.30:488][  0]LogConfig: Setting CVar [[r.MaterialQualityLevel:1 ; High quality]]
[2023.02.04-17.41.30:488][  0]LogConfig: Setting CVar [[r.AnisotropicMaterials:1]]
[2023.02.04-17.41.30:488][  0]LogConfig: Setting CVar [[r.SSS.Scale:1]]
[2023.02.04-17.41.30:488][  0]LogConfig: Setting CVar [[r.SSS.SampleSet:2]]
[2023.02.04-17.41.30:488][  0]LogConfig: Setting CVar [[r.SSS.Quality:1]]
[2023.02.04-17.41.30:488][  0]LogConfig: Setting CVar [[r.SSS.HalfRes:0]]
[2023.02.04-17.41.30:488][  0]LogConfig: Setting CVar [[r.SSGI.Quality:3]]
[2023.02.04-17.41.30:488][  0]LogConfig: Setting CVar [[r.EmitterSpawnRateScale:1.0]]
[2023.02.04-17.41.30:488][  0]LogConfig: Setting CVar [[r.ParticleLightQuality:2]]
[2023.02.04-17.41.30:488][  0]LogConfig: Setting CVar [[r.SkyAtmosphere.AerialPerspectiveLUT.FastApplyOnOpaque:1 ; Always have FastSkyLUT 1 in this case to avoid wrong sky]]
[2023.02.04-17.41.30:488][  0]LogConfig: Setting CVar [[r.SkyAtmosphere.AerialPerspectiveLUT.SampleCountMaxPerSlice:4]]
[2023.02.04-17.41.30:488][  0]LogConfig: Setting CVar [[r.SkyAtmosphere.AerialPerspectiveLUT.DepthResolution:16.0]]
[2023.02.04-17.41.30:488][  0]LogConfig: Setting CVar [[r.SkyAtmosphere.FastSkyLUT:1]]
[2023.02.04-17.41.30:488][  0]LogConfig: Setting CVar [[r.SkyAtmosphere.FastSkyLUT.SampleCountMin:4.0]]
[2023.02.04-17.41.30:488][  0]LogConfig: Setting CVar [[r.SkyAtmosphere.FastSkyLUT.SampleCountMax:128.0]]
[2023.02.04-17.41.30:488][  0]LogConfig: Setting CVar [[r.SkyAtmosphere.SampleCountMin:4.0]]
[2023.02.04-17.41.30:488][  0]LogConfig: Setting CVar [[r.SkyAtmosphere.SampleCountMax:128.0]]
[2023.02.04-17.41.30:488][  0]LogConfig: Setting CVar [[r.SkyAtmosphere.TransmittanceLUT.UseSmallFormat:0]]
[2023.02.04-17.41.30:488][  0]LogConfig: Setting CVar [[r.SkyAtmosphere.TransmittanceLUT.SampleCount:10.0]]
[2023.02.04-17.41.30:488][  0]LogConfig: Setting CVar [[r.SkyAtmosphere.MultiScatteringLUT.SampleCount:15.0]]
[2023.02.04-17.41.30:488][  0]LogConfig: Setting CVar [[r.SkyLight.RealTimeReflectionCapture:1]]
[2023.02.04-17.41.30:488][  0]LogConfig: Applying CVar settings from Section [FoliageQuality@3] File [C:/Users/Kike/Github/orkcest/Orkcest/Saved/Config/Windows/Scalability.ini]
[2023.02.04-17.41.30:488][  0]LogConfig: Setting CVar [[foliage.DensityScale:1.0]]
[2023.02.04-17.41.30:488][  0]LogConfig: Setting CVar [[grass.DensityScale:1.0]]
[2023.02.04-17.41.30:488][  0]LogConfig: Applying CVar settings from Section [ShadingQuality@3] File [C:/Users/Kike/Github/orkcest/Orkcest/Saved/Config/Windows/Scalability.ini]
[2023.02.04-17.41.30:488][  0]LogConfig: Setting CVar [[r.HairStrands.SkyLighting.IntegrationType:2]]
[2023.02.04-17.41.30:488][  0]LogConfig: Setting CVar [[r.HairStrands.SkyAO.SampleCount:4]]
[2023.02.04-17.41.30:488][  0]LogConfig: Setting CVar [[r.HairStrands.Visibility.MSAA.SamplePerPixel:4]]
[2023.02.04-17.41.30:488][  0]LogInit: Selected Device Profile: [Windows]
[2023.02.04-17.41.30:488][  0]LogInit: Applying CVar settings loaded from the selected device profile: [Windows]
[2023.02.04-17.41.30:488][  0]LogHAL: Display: Platform has ~ 16 GB [16825118720 / 17179869184 / 16], which maps to Larger [LargestMinGB=32, LargerMinGB=12, DefaultMinGB=8, SmallerMinGB=6, SmallestMinGB=0)
[2023.02.04-17.41.30:488][  0]LogInit: Going up to parent DeviceProfile []
[2023.02.04-17.41.30:488][  0]LogConfig: Applying CVar settings from Section [ViewDistanceQuality@3] File [C:/Users/Kike/Github/orkcest/Orkcest/Saved/Config/Windows/Scalability.ini]
[2023.02.04-17.41.30:488][  0]LogConfig: Setting CVar [[r.SkeletalMeshLODBias:0]]
[2023.02.04-17.41.30:488][  0]LogConfig: Setting CVar [[r.ViewDistanceScale:1.0]]
[2023.02.04-17.41.30:488][  0]LogConfig: Applying CVar settings from Section [AntiAliasingQuality@3] File [C:/Users/Kike/Github/orkcest/Orkcest/Saved/Config/Windows/Scalability.ini]
[2023.02.04-17.41.30:488][  0]LogConfig: Setting CVar [[r.PostProcessAAQuality:4]]
[2023.02.04-17.41.30:488][  0]LogConfig: Applying CVar settings from Section [ShadowQuality@3] File [C:/Users/Kike/Github/orkcest/Orkcest/Saved/Config/Windows/Scalability.ini]
[2023.02.04-17.41.30:488][  0]LogConfig: Setting CVar [[r.LightFunctionQuality:1]]
[2023.02.04-17.41.30:488][  0]LogConfig: Setting CVar [[r.ShadowQuality:5]]
[2023.02.04-17.41.30:488][  0]LogConfig: Setting CVar [[r.Shadow.CSM.MaxCascades:10]]
[2023.02.04-17.41.30:488][  0]LogConfig: Setting CVar [[r.Shadow.MaxResolution:2048]]
[2023.02.04-17.41.30:488][  0]LogConfig: Setting CVar [[r.Shadow.MaxCSMResolution:2048]]
[2023.02.04-17.41.30:488][  0]LogConfig: Setting CVar [[r.Shadow.RadiusThreshold:0.01]]
[2023.02.04-17.41.30:488][  0]LogConfig: Setting CVar [[r.Shadow.DistanceScale:1.0]]
[2023.02.04-17.41.30:488][  0]LogConfig: Setting CVar [[r.Shadow.CSM.TransitionScale:1.0]]
[2023.02.04-17.41.30:488][  0]LogConfig: Setting CVar [[r.Shadow.PreShadowResolutionFactor:1.0]]
[2023.02.04-17.41.30:488][  0]LogConfig: Setting CVar [[r.DistanceFieldShadowing:1]]
[2023.02.04-17.41.30:488][  0]LogConfig: Setting CVar [[r.DistanceFieldAO:1]]
[2023.02.04-17.41.30:488][  0]LogConfig: Setting CVar [[r.AOQuality:2]]
[2023.02.04-17.41.30:488][  0]LogConfig: Setting CVar [[r.VolumetricFog:1]]
[2023.02.04-17.41.30:488][  0]LogConfig: Setting CVar [[r.VolumetricFog.GridPixelSize:8]]
[2023.02.04-17.41.30:488][  0]LogConfig: Setting CVar [[r.VolumetricFog.GridSizeZ:128]]
[2023.02.04-17.41.30:488][  0]LogConfig: Setting CVar [[r.VolumetricFog.HistoryMissSupersampleCount:4]]
[2023.02.04-17.41.30:488][  0]LogConfig: Setting CVar [[r.LightMaxDrawDistanceScale:1]]
[2023.02.04-17.41.30:488][  0]LogConfig: Setting CVar [[r.CapsuleShadows:1]]
[2023.02.04-17.41.30:488][  0]LogConfig: Applying CVar settings from Section [PostProcessQuality@3] File [C:/Users/Kike/Github/orkcest/Orkcest/Saved/Config/Windows/Scalability.ini]
[2023.02.04-17.41.30:488][  0]LogConfig: Setting CVar [[r.MotionBlurQuality:4]]
[2023.02.04-17.41.30:488][  0]LogConfig: Setting CVar [[r.AmbientOcclusionMipLevelFactor:0.4]]
[2023.02.04-17.41.30:488][  0]LogConfig: Setting CVar [[r.AmbientOcclusionMaxQuality:100]]
[2023.02.04-17.41.30:488][  0]LogConfig: Setting CVar [[r.AmbientOcclusionLevels:-1]]
[2023.02.04-17.41.30:488][  0]LogConfig: Setting CVar [[r.AmbientOcclusionRadiusScale:1.0]]
[2023.02.04-17.41.30:488][  0]LogConfig: Setting CVar [[r.DepthOfFieldQuality:2]]
[2023.02.04-17.41.30:488][  0]LogConfig: Setting CVar [[r.RenderTargetPoolMin:400]]
[2023.02.04-17.41.30:488][  0]LogConfig: Setting CVar [[r.LensFlareQuality:2]]
[2023.02.04-17.41.30:488][  0]LogConfig: Setting CVar [[r.SceneColorFringeQuality:1]]
[2023.02.04-17.41.30:488][  0]LogConfig: Setting CVar [[r.EyeAdaptationQuality:2]]
[2023.02.04-17.41.30:488][  0]LogConfig: Setting CVar [[r.BloomQuality:5]]
[2023.02.04-17.41.30:488][  0]LogConfig: Setting CVar [[r.FastBlurThreshold:100]]
[2023.02.04-17.41.30:488][  0]LogConfig: Setting CVar [[r.Upscale.Quality:3]]
[2023.02.04-17.41.30:488][  0]LogConfig: Setting CVar [[r.Tonemapper.GrainQuantization:1]]
[2023.02.04-17.41.30:488][  0]LogConfig: Setting CVar [[r.LightShaftQuality:1]]
[2023.02.04-17.41.30:488][  0]LogConfig: Setting CVar [[r.Filter.SizeScale:1]]
[2023.02.04-17.41.30:488][  0]LogConfig: Setting CVar [[r.Tonemapper.Quality:5]]
[2023.02.04-17.41.30:488][  0]LogConfig: Setting CVar [[r.DOF.Gather.AccumulatorQuality:1        ; higher gathering accumulator quality]]
[2023.02.04-17.41.30:488][  0]LogConfig: Setting CVar [[r.DOF.Gather.PostfilterMethod:1          ; Median3x3 postfilering method]]
[2023.02.04-17.41.30:488][  0]LogConfig: Setting CVar [[r.DOF.Gather.EnableBokehSettings:0       ; no bokeh simulation when gathering]]
[2023.02.04-17.41.30:488][  0]LogConfig: Setting CVar [[r.DOF.Gather.RingCount:4                 ; medium number of samples when gathering]]
[2023.02.04-17.41.30:488][  0]LogConfig: Setting CVar [[r.DOF.Scatter.ForegroundCompositing:1    ; additive foreground scattering]]
[2023.02.04-17.41.30:488][  0]LogConfig: Setting CVar [[r.DOF.Scatter.BackgroundCompositing:2    ; additive background scattering]]
[2023.02.04-17.41.30:488][  0]LogConfig: Setting CVar [[r.DOF.Scatter.EnableBokehSettings:1      ; bokeh simulation when scattering]]
[2023.02.04-17.41.30:488][  0]LogConfig: Setting CVar [[r.DOF.Scatter.MaxSpriteRatio:0.1         ; only a maximum of 10% of scattered bokeh]]
[2023.02.04-17.41.30:488][  0]LogConfig: Setting CVar [[r.DOF.Recombine.Quality:1                ; cheap slight out of focus]]
[2023.02.04-17.41.30:488][  0]LogConfig: Setting CVar [[r.DOF.Recombine.EnableBokehSettings:0    ; no bokeh simulation on slight out of focus]]
[2023.02.04-17.41.30:488][  0]LogConfig: Setting CVar [[r.DOF.TemporalAAQuality:1                ; more stable temporal accumulation]]
[2023.02.04-17.41.30:488][  0]LogConfig: Setting CVar [[r.DOF.Kernel.MaxForegroundRadius:0.025]]
[2023.02.04-17.41.30:488][  0]LogConfig: Setting CVar [[r.DOF.Kernel.MaxBackgroundRadius:0.025]]
[2023.02.04-17.41.30:488][  0]LogConfig: Applying CVar settings from Section [TextureQuality@3] File [C:/Users/Kike/Github/orkcest/Orkcest/Saved/Config/Windows/Scalability.ini]
[2023.02.04-17.41.30:488][  0]LogConfig: Setting CVar [[r.Streaming.MipBias:0]]
[2023.02.04-17.41.30:488][  0]LogConfig: Setting CVar [[r.Streaming.AmortizeCPUToGPUCopy:0]]
[2023.02.04-17.41.30:488][  0]LogConfig: Setting CVar [[r.Streaming.MaxNumTexturesToStreamPerFrame:0]]
[2023.02.04-17.41.30:488][  0]LogConfig: Setting CVar [[r.Streaming.Boost:1]]
[2023.02.04-17.41.30:488][  0]LogConfig: Setting CVar [[r.MaxAnisotropy:8]]
[2023.02.04-17.41.30:488][  0]LogConfig: Setting CVar [[r.VT.MaxAnisotropy:8]]
[2023.02.04-17.41.30:488][  0]LogConfig: Setting CVar [[r.Streaming.LimitPoolSizeToVRAM:0]]
[2023.02.04-17.41.30:488][  0]LogConfig: Setting CVar [[r.Streaming.PoolSize:1000]]
[2023.02.04-17.41.30:488][  0]LogConfig: Setting CVar [[r.Streaming.MaxEffectiveScreenSize:0]]
[2023.02.04-17.41.30:488][  0]LogConfig: Applying CVar settings from Section [EffectsQuality@3] File [C:/Users/Kike/Github/orkcest/Orkcest/Saved/Config/Windows/Scalability.ini]
[2023.02.04-17.41.30:488][  0]LogConfig: Setting CVar [[r.TranslucencyLightingVolumeDim:64]]
[2023.02.04-17.41.30:488][  0]LogConfig: Setting CVar [[r.RefractionQuality:2]]
[2023.02.04-17.41.30:488][  0]LogConfig: Setting CVar [[r.SSR.Quality:3]]
[2023.02.04-17.41.30:488][  0]LogConfig: Setting CVar [[r.SSR.HalfResSceneColor:0]]
[2023.02.04-17.41.30:488][  0]LogConfig: Setting CVar [[r.SceneColorFormat:4]]
[2023.02.04-17.41.30:488][  0]LogConfig: Setting CVar [[r.DetailMode:2]]
[2023.02.04-17.41.30:488][  0]LogConfig: Setting CVar [[r.TranslucencyVolumeBlur:1]]
[2023.02.04-17.41.30:488][  0]LogConfig: Setting CVar [[r.MaterialQualityLevel:1 ; High quality]]
[2023.02.04-17.41.30:488][  0]LogConfig: Setting CVar [[r.AnisotropicMaterials:1]]
[2023.02.04-17.41.30:488][  0]LogConfig: Setting CVar [[r.SSS.Scale:1]]
[2023.02.04-17.41.30:488][  0]LogConfig: Setting CVar [[r.SSS.SampleSet:2]]
[2023.02.04-17.41.30:489][  0]LogConfig: Setting CVar [[r.SSS.Quality:1]]
[2023.02.04-17.41.30:489][  0]LogConfig: Setting CVar [[r.SSS.HalfRes:0]]
[2023.02.04-17.41.30:489][  0]LogConfig: Setting CVar [[r.SSGI.Quality:3]]
[2023.02.04-17.41.30:489][  0]LogConfig: Setting CVar [[r.EmitterSpawnRateScale:1.0]]
[2023.02.04-17.41.30:489][  0]LogConfig: Setting CVar [[r.ParticleLightQuality:2]]
[2023.02.04-17.41.30:489][  0]LogConfig: Setting CVar [[r.SkyAtmosphere.AerialPerspectiveLUT.FastApplyOnOpaque:1 ; Always have FastSkyLUT 1 in this case to avoid wrong sky]]
[2023.02.04-17.41.30:489][  0]LogConfig: Setting CVar [[r.SkyAtmosphere.AerialPerspectiveLUT.SampleCountMaxPerSlice:4]]
[2023.02.04-17.41.30:489][  0]LogConfig: Setting CVar [[r.SkyAtmosphere.AerialPerspectiveLUT.DepthResolution:16.0]]
[2023.02.04-17.41.30:489][  0]LogConfig: Setting CVar [[r.SkyAtmosphere.FastSkyLUT:1]]
[2023.02.04-17.41.30:489][  0]LogConfig: Setting CVar [[r.SkyAtmosphere.FastSkyLUT.SampleCountMin:4.0]]
[2023.02.04-17.41.30:489][  0]LogConfig: Setting CVar [[r.SkyAtmosphere.FastSkyLUT.SampleCountMax:128.0]]
[2023.02.04-17.41.30:489][  0]LogConfig: Setting CVar [[r.SkyAtmosphere.SampleCountMin:4.0]]
[2023.02.04-17.41.30:489][  0]LogConfig: Setting CVar [[r.SkyAtmosphere.SampleCountMax:128.0]]
[2023.02.04-17.41.30:489][  0]LogConfig: Setting CVar [[r.SkyAtmosphere.TransmittanceLUT.UseSmallFormat:0]]
[2023.02.04-17.41.30:489][  0]LogConfig: Setting CVar [[r.SkyAtmosphere.TransmittanceLUT.SampleCount:10.0]]
[2023.02.04-17.41.30:489][  0]LogConfig: Setting CVar [[r.SkyAtmosphere.MultiScatteringLUT.SampleCount:15.0]]
[2023.02.04-17.41.30:489][  0]LogConfig: Setting CVar [[r.SkyLight.RealTimeReflectionCapture:1]]
[2023.02.04-17.41.30:489][  0]LogConfig: Applying CVar settings from Section [FoliageQuality@3] File [C:/Users/Kike/Github/orkcest/Orkcest/Saved/Config/Windows/Scalability.ini]
[2023.02.04-17.41.30:489][  0]LogConfig: Setting CVar [[foliage.DensityScale:1.0]]
[2023.02.04-17.41.30:489][  0]LogConfig: Setting CVar [[grass.DensityScale:1.0]]
[2023.02.04-17.41.30:489][  0]LogConfig: Applying CVar settings from Section [ShadingQuality@3] File [C:/Users/Kike/Github/orkcest/Orkcest/Saved/Config/Windows/Scalability.ini]
[2023.02.04-17.41.30:489][  0]LogConfig: Setting CVar [[r.HairStrands.SkyLighting.IntegrationType:2]]
[2023.02.04-17.41.30:489][  0]LogConfig: Setting CVar [[r.HairStrands.SkyAO.SampleCount:4]]
[2023.02.04-17.41.30:489][  0]LogConfig: Setting CVar [[r.HairStrands.Visibility.MSAA.SamplePerPixel:4]]
[2023.02.04-17.41.30:489][  0]LogConfig: Applying CVar settings from Section [Startup] File [../../../Engine/Config/ConsoleVariables.ini]
[2023.02.04-17.41.30:489][  0]LogConfig: Setting CVar [[net.UseAdaptiveNetUpdateFrequency:0]]
[2023.02.04-17.41.30:489][  0]LogConfig: Setting CVar [[p.chaos.AllowCreatePhysxBodies:1]]
[2023.02.04-17.41.30:489][  0]LogConfig: Setting CVar [[fx.SkipVectorVMBackendOptimizations:1]]
[2023.02.04-17.41.30:489][  0]LogConfig: Applying CVar settings from Section [ConsoleVariables] File [C:/Users/Kike/Github/orkcest/Orkcest/Saved/Config/Windows/Engine.ini]
[2023.02.04-17.41.30:489][  0]LogConfig: Applying CVar settings from Section [ConsoleVariables] File [C:/Users/Kike/Github/orkcest/Orkcest/Saved/Config/Windows/Editor.ini]
[2023.02.04-17.41.30:489][  0]LogInit: Computer: KIKE
[2023.02.04-17.41.30:489][  0]LogInit: User: Kike
[2023.02.04-17.41.30:489][  0]LogInit: CPU Page size=4096, Cores=10
[2023.02.04-17.41.30:489][  0]LogInit: High frequency timer resolution =10.000000 MHz
[2023.02.04-17.41.30:489][  0]LogMemory: Memory total: Physical=15.7GB (16GB approx)
[2023.02.04-17.41.30:489][  0]LogMemory: Platform Memory Stats for Windows
[2023.02.04-17.41.30:489][  0]LogMemory: Process Physical Memory: 149.17 MB used, 149.17 MB peak
[2023.02.04-17.41.30:489][  0]LogMemory: Process Virtual Memory: 131.14 MB used, 131.14 MB peak
[2023.02.04-17.41.30:489][  0]LogMemory: Physical Memory: 7545.59 MB used,  8500.09 MB free, 16045.68 MB total
[2023.02.04-17.41.30:489][  0]LogMemory: Virtual Memory: 134204408.00 MB used,  13318.03 MB free, 134217728.00 MB total
[2023.02.04-17.41.30:493][  0]LogWindows: WindowsPlatformFeatures enabled
[2023.02.04-17.41.30:524][  0]LogInit: Physics initialised using underlying interface: PhysX
[2023.02.04-17.41.30:525][  0]LogInit: Overriding language with editor language configuration option (en).
[2023.02.04-17.41.30:525][  0]LogInit: Using OS detected locale (es-ES).
[2023.02.04-17.41.30:656][  0]LogInit: Setting process to per monitor DPI aware
[2023.02.04-17.41.30:669][  0]LogWindowsTextInputMethodSystem: Display: IME system deactivated.
[2023.02.04-17.41.30:678][  0]LogSlate: New Slate User Created.  User Index 0, Is Virtual User: 0
[2023.02.04-17.41.30:679][  0]LogSlate: Slate User Registered.  User Index 0, Is Virtual User: 0
[2023.02.04-17.41.30:764][  0]LogD3D11RHI: Loaded GFSDK_Aftermath_Lib.x64.dll
[2023.02.04-17.41.30:796][  0]LogHMD: Failed to initialize OpenVR with code 110
[2023.02.04-17.41.30:796][  0]LogD3D11RHI: D3D11 min allowed feature level: 11_0
[2023.02.04-17.41.30:796][  0]LogD3D11RHI: D3D11 max allowed feature level: 11_0
[2023.02.04-17.41.30:796][  0]LogD3D11RHI: D3D11 adapters:
[2023.02.04-17.41.30:882][  0]LogD3D11RHI:    0. 'NVIDIA GeForce RTX 3060 Laptop GPU' (Feature Level 11_0)
[2023.02.04-17.41.30:882][  0]LogD3D11RHI:       6023/0/8022 MB DedicatedVideo/DedicatedSystem/SharedSystem, Outputs:1, VendorId:0x10de
[2023.02.04-17.41.33:824][  0]LogD3D11RHI:    1. 'Intel(R) UHD Graphics' (Feature Level 11_0)
[2023.02.04-17.41.33:824][  0]LogD3D11RHI:       128/0/8022 MB DedicatedVideo/DedicatedSystem/SharedSystem, Outputs:0, VendorId:0x8086
[2023.02.04-17.41.33:825][  0]LogD3D11RHI:    2. 'Microsoft Basic Render Driver' (Feature Level 11_0)
[2023.02.04-17.41.33:825][  0]LogD3D11RHI:       0/0/8022 MB DedicatedVideo/DedicatedSystem/SharedSystem, Outputs:0, VendorId:0x1414
[2023.02.04-17.41.33:825][  0]LogD3D11RHI: Chosen D3D11 Adapter:
[2023.02.04-17.41.33:825][  0]LogD3D11RHI:     Description : NVIDIA GeForce RTX 3060 Laptop GPU
[2023.02.04-17.41.33:825][  0]LogD3D11RHI:     VendorId    : 10de
[2023.02.04-17.41.33:825][  0]LogD3D11RHI:     DeviceId    : 2520
[2023.02.04-17.41.33:825][  0]LogD3D11RHI:     SubSysId    : 1c6c1043
[2023.02.04-17.41.33:825][  0]LogD3D11RHI:     Revision    : 00a1
[2023.02.04-17.41.33:825][  0]LogD3D11RHI:     DedicatedVideoMemory : 6315573248 bytes
[2023.02.04-17.41.33:825][  0]LogD3D11RHI:     DedicatedSystemMemory : 0 bytes
[2023.02.04-17.41.33:825][  0]LogD3D11RHI:     SharedSystemMemory : 8412559360 bytes
[2023.02.04-17.41.33:825][  0]LogD3D11RHI:     AdapterLuid : 0 47422
[2023.02.04-17.41.33:832][  0]LogD3D11RHI: Creating new Direct3DDevice
[2023.02.04-17.41.33:832][  0]LogD3D11RHI:     GPU DeviceId: 0x2520 (for the marketing name, search the web for "GPU Device Id")
[2023.02.04-17.41.33:832][  0]LogWindows: EnumDisplayDevices:
[2023.02.04-17.41.33:832][  0]LogWindows:    0. 'Intel(R) UHD Graphics' (P:1 D:1)
[2023.02.04-17.41.33:832][  0]LogWindows:    1. 'Intel(R) UHD Graphics' (P:0 D:0)
[2023.02.04-17.41.33:832][  0]LogWindows:    2. 'Intel(R) UHD Graphics' (P:0 D:0)
[2023.02.04-17.41.33:832][  0]LogWindows:    3. 'Intel(R) UHD Graphics' (P:0 D:0)
[2023.02.04-17.41.33:833][  0]LogWindows:    4. 'NVIDIA GeForce RTX 3060 Laptop GPU' (P:0 D:0)
[2023.02.04-17.41.33:833][  0]LogWindows:    5. 'NVIDIA GeForce RTX 3060 Laptop GPU' (P:0 D:0)
[2023.02.04-17.41.33:833][  0]LogWindows:    6. 'NVIDIA GeForce RTX 3060 Laptop GPU' (P:0 D:0)
[2023.02.04-17.41.33:833][  0]LogWindows:    7. 'NVIDIA GeForce RTX 3060 Laptop GPU' (P:0 D:0)
[2023.02.04-17.41.33:833][  0]LogWindows: DebugString: PrimaryIsNotTheChoosenAdapter PrimaryIsNotTheChoosenAdapter PrimaryIsNotTheChoosenAdapter PrimaryIsNotTheChoosenAdapter FoundDriverCount:4 
[2023.02.04-17.41.33:833][  0]LogD3D11RHI:     Adapter Name: NVIDIA GeForce RTX 3060 Laptop GPU
[2023.02.04-17.41.33:833][  0]LogD3D11RHI:   Driver Version: 517.48 (internal:31.0.15.1748, unified:517.48)
[2023.02.04-17.41.33:833][  0]LogD3D11RHI:      Driver Date: 9-21-2022
[2023.02.04-17.41.33:833][  0]LogRHI: Texture pool is 4216 MB (70% of 6023 MB)
[2023.02.04-17.41.33:833][  0]LogD3D11RHI: Creating D3DDevice using adapter:
[2023.02.04-17.41.33:833][  0]LogD3D11RHI:     Description : NVIDIA GeForce RTX 3060 Laptop GPU
[2023.02.04-17.41.33:833][  0]LogD3D11RHI:     VendorId    : 10de
[2023.02.04-17.41.33:833][  0]LogD3D11RHI:     DeviceId    : 2520
[2023.02.04-17.41.33:833][  0]LogD3D11RHI:     SubSysId    : 1c6c1043
[2023.02.04-17.41.33:833][  0]LogD3D11RHI:     Revision    : 00a1
[2023.02.04-17.41.33:833][  0]LogD3D11RHI:     DedicatedVideoMemory : 6315573248 bytes
[2023.02.04-17.41.33:833][  0]LogD3D11RHI:     DedicatedSystemMemory : 0 bytes
[2023.02.04-17.41.33:833][  0]LogD3D11RHI:     SharedSystemMemory : 8412559360 bytes
[2023.02.04-17.41.33:833][  0]LogD3D11RHI:     AdapterLuid : 0 47422
[2023.02.04-17.41.33:888][  0]LogD3D11RHI: RHI has support for 64 bit atomics
[2023.02.04-17.41.33:888][  0]LogD3D11RHI: Async texture creation enabled
[2023.02.04-17.41.33:888][  0]LogD3D11RHI: Array index from any shader is supported
[2023.02.04-17.41.33:917][  0]LogD3D11RHI: GPU Timing Frequency: 1000.000000 (Debug: 2 1)
[2023.02.04-17.41.33:936][  0]LogRHI: GeForceNow SDK initialized: 1
[2023.02.04-17.41.34:170][  0]LogTargetPlatformManager: Display: Loaded TargetPlatform 'AllDesktop'
[2023.02.04-17.41.34:188][  0]LogTargetPlatformManager: Display: Loaded TargetPlatform 'Android'
[2023.02.04-17.41.34:188][  0]LogTargetPlatformManager: Display: Loaded TargetPlatform 'Android_ASTC'
[2023.02.04-17.41.34:188][  0]LogTargetPlatformManager: Display: Loaded TargetPlatform 'Android_DXT'
[2023.02.04-17.41.34:188][  0]LogTargetPlatformManager: Display: Loaded TargetPlatform 'Android_ETC2'
[2023.02.04-17.41.34:188][  0]LogTargetPlatformManager: Display: Loaded TargetPlatform 'AndroidClient'
[2023.02.04-17.41.34:188][  0]LogTargetPlatformManager: Display: Loaded TargetPlatform 'Android_ASTCClient'
[2023.02.04-17.41.34:188][  0]LogTargetPlatformManager: Display: Loaded TargetPlatform 'Android_DXTClient'
[2023.02.04-17.41.34:188][  0]LogTargetPlatformManager: Display: Loaded TargetPlatform 'Android_ETC2Client'
[2023.02.04-17.41.34:188][  0]LogTargetPlatformManager: Display: Loaded TargetPlatform 'Android_Multi'
[2023.02.04-17.41.34:188][  0]LogTargetPlatformManager: Display: Loaded TargetPlatform 'Android_MultiClient'
[2023.02.04-17.41.34:204][  0]LogTargetPlatformManager: Display: Loaded TargetPlatform 'IOSClient'
[2023.02.04-17.41.34:204][  0]LogTargetPlatformManager: Display: Loaded TargetPlatform 'IOS'
[2023.02.04-17.41.34:213][  0]LogTargetPlatformManager: Display: Loaded TargetPlatform 'Linux'
[2023.02.04-17.41.34:217][  0]LogTargetPlatformManager: Display: Loaded TargetPlatform 'LinuxNoEditor'
[2023.02.04-17.41.34:220][  0]LogTargetPlatformManager: Display: Loaded TargetPlatform 'LinuxClient'
[2023.02.04-17.41.34:223][  0]LogTargetPlatformManager: Display: Loaded TargetPlatform 'LinuxServer'
[2023.02.04-17.41.34:231][  0]LogTargetPlatformManager: Display: Loaded TargetPlatform 'LinuxAArch64NoEditor'
[2023.02.04-17.41.34:235][  0]LogTargetPlatformManager: Display: Loaded TargetPlatform 'LinuxAArch64Client'
[2023.02.04-17.41.34:238][  0]LogTargetPlatformManager: Display: Loaded TargetPlatform 'LinuxAArch64Server'
[2023.02.04-17.41.34:261][  0]LogTargetPlatformManager: Display: Loaded TargetPlatform 'Lumin'
[2023.02.04-17.41.34:261][  0]LogTargetPlatformManager: Display: Loaded TargetPlatform 'LuminClient'
[2023.02.04-17.41.34:269][  0]LogTargetPlatformManager: Display: Loaded TargetPlatform 'MacNoEditor'
[2023.02.04-17.41.34:272][  0]LogTargetPlatformManager: Display: Loaded TargetPlatform 'Mac'
[2023.02.04-17.41.34:276][  0]LogTargetPlatformManager: Display: Loaded TargetPlatform 'MacClient'
[2023.02.04-17.41.34:279][  0]LogTargetPlatformManager: Display: Loaded TargetPlatform 'MacServer'
[2023.02.04-17.41.34:289][  0]LogTargetPlatformManager: Display: Loaded TargetPlatform 'TVOSClient'
[2023.02.04-17.41.34:289][  0]LogTargetPlatformManager: Display: Loaded TargetPlatform 'TVOS'
[2023.02.04-17.41.34:298][  0]LogTargetPlatformManager: Display: Loaded TargetPlatform 'WindowsNoEditor'
[2023.02.04-17.41.34:302][  0]LogTargetPlatformManager: Display: Loaded TargetPlatform 'Windows'
[2023.02.04-17.41.34:306][  0]LogTargetPlatformManager: Display: Loaded TargetPlatform 'WindowsClient'
[2023.02.04-17.41.34:310][  0]LogTargetPlatformManager: Display: Loaded TargetPlatform 'WindowsServer'
[2023.02.04-17.41.34:310][  0]LogTargetPlatformManager: Display: Building Assets For Windows
[2023.02.04-17.41.34:316][  0]LogAudioDebug: Display: Lib vorbis DLL was dynamically loaded.
[2023.02.04-17.41.34:341][  0]LogTextureFormatOodle: Display: Oodle Texture 2.9.0 init RDO Off
[2023.02.04-17.41.34:369][  0]LogRendererCore: Ray tracing is disabled. Reason: r.RayTracing=0.
[2023.02.04-17.41.34:369][  0]LogShaderCompilers: Guid format shader working directory is -7 characters bigger than the processId version (../../../../../../Users/Kike/Github/orkcest/Orkcest/Intermediate/Shaders/WorkingDirectory/24852/).
[2023.02.04-17.41.34:369][  0]LogShaderCompilers: Cleaned the shader compiler working directory 'C:/Users/Kike/AppData/Local/Temp/UnrealShaderWorkingDir/94986CB34AC823A298484F9060413811/'.
[2023.02.04-17.41.34:369][  0]LogXGEController: Cannot use XGE Controller as Incredibuild is not installed on this machine.
[2023.02.04-17.41.34:369][  0]LogShaderCompilers: Cannot use XGE Shader Compiler as Incredibuild is not installed on this machine.
[2023.02.04-17.41.34:369][  0]LogShaderCompilers: Display: Using Local Shader Compiler.
[2023.02.04-17.41.34:978][  0]LogDerivedDataCache: Display: Max Cache Size: 512 MB
[2023.02.04-17.41.35:036][  0]LogDerivedDataCache: Loaded boot cache 0.06s 94MB C:/Users/Kike/AppData/Local/UnrealEngine/4.27/DerivedDataCache/Boot.ddc.
[2023.02.04-17.41.35:036][  0]LogDerivedDataCache: Display: Loaded Boot cache: C:/Users/Kike/AppData/Local/UnrealEngine/4.27/DerivedDataCache/Boot.ddc
[2023.02.04-17.41.35:036][  0]LogDerivedDataCache: FDerivedDataBackendGraph:  Pak pak cache file ../../../../../../Users/Kike/Github/orkcest/Orkcest/DerivedDataCache/DDC.ddp not found, will not use a pak cache.
[2023.02.04-17.41.35:036][  0]LogDerivedDataCache: Unable to find inner node Pak for hierarchical cache Hierarchy.
[2023.02.04-17.41.35:036][  0]LogDerivedDataCache: FDerivedDataBackendGraph:  CompressedPak pak cache file ../../../../../../Users/Kike/Github/orkcest/Orkcest/DerivedDataCache/Compressed.ddp not found, will not use a pak cache.
[2023.02.04-17.41.35:036][  0]LogDerivedDataCache: Unable to find inner node CompressedPak for hierarchical cache Hierarchy.
[2023.02.04-17.41.35:051][  0]LogDerivedDataCache: Display: Pak cache opened for reading ../../../Engine/DerivedDataCache/Compressed.ddp.
[2023.02.04-17.41.35:051][  0]LogDerivedDataCache: FDerivedDataBackendGraph:  EnterprisePak pak cache file ../../../Enterprise/DerivedDataCache/Compressed.ddp not found, will not use a pak cache.
[2023.02.04-17.41.35:051][  0]LogDerivedDataCache: Unable to find inner node EnterprisePak for hierarchical cache Hierarchy.
[2023.02.04-17.41.35:062][  0]LogDerivedDataCache: Speed tests for C:/Users/Kike/AppData/Local/UnrealEngine/Common/DerivedDataCache took 0.01 seconds
[2023.02.04-17.41.35:062][  0]LogDerivedDataCache: Display: Performance to C:/Users/Kike/AppData/Local/UnrealEngine/Common/DerivedDataCache: Latency=0.02ms. RandomReadSpeed=156.26MBs, RandomWriteSpeed=225.45MBs. Assigned SpeedClass 'Local'
[2023.02.04-17.41.35:063][  0]LogDerivedDataCache: Using Local data cache path C:/Users/Kike/AppData/Local/UnrealEngine/Common/DerivedDataCache: Writable
[2023.02.04-17.41.35:063][  0]LogDerivedDataCache: Shared data cache path not found in *engine.ini, will not use an Shared cache.
[2023.02.04-17.41.35:063][  0]LogDerivedDataCache: Unable to find inner node Shared for hierarchical cache Hierarchy.
[2023.02.04-17.41.35:096][  0]LogSlate: Using FreeType 2.10.0
[2023.02.04-17.41.35:097][  0]LogSlate: SlateFontServices - WITH_FREETYPE: 1, WITH_HARFBUZZ: 1
[2023.02.04-17.41.35:123][  0]LogAssetRegistry: FAssetRegistry took 0.0034 seconds to start up
[2023.02.04-17.41.35:289][  0]LogInit: Selected Device Profile: [Windows]
[2023.02.04-17.41.35:289][  0]LogInit: Active device profile: [0000027E7AB98D00][0000027E58531180 49] Windows
[2023.02.04-17.41.35:289][  0]LogInit: Profiles: [0000027E7AB98D00][0000027E58531180 49] Windows, [0000027E7AB52100][0000027E5F663300 49] WindowsNoEditor, [0000027E7AB99C00][0000027E5F667480 49] WindowsServer, [0000027E7AB52F00][0000027E5F66B600 49] WindowsClient, [0000027E7AB9A900][0000027E5F66F780 49] IOS, [0000027E7AB51800][0000027E5F673900 49] iPadAir, [0000027E7AB9BE00][0000027E5F677A80 49] iPadAir2, [0000027E7AAF5100][0000027E78F0C1C0 49] IPadPro, [0000027E7AAF5200][0000027E78F08200 49] iPadAir3, [0000027E7AB50C00][0000027E78F10380 49] iPadAir4, [0000027E7AAF5E00][0000027E78F14500 49] iPadMini2, [0000027E7AB53100][0000027E78F18680 49] iPadMini3, [0000027E7AAF7900][0000027E5E8F87C0 49] iPadMini4, [0000027E7AB51000][0000027E78F1C900 49] iPadMini5, [0000027E7AB14900][0000027E78F24B40 49] iPhone6, [0000027E7AB14A00][0000027E78F20B80 49] iPodTouch6, [0000027E7AB9AE00][0000027E78F30E40 49] iPhone7, [0000027E7AB9AF00][0000027E78F2CE80 49] iPodTouch7, [0000027E7AAF7E00][0000027E78F35000 49] iPhone5S, [0000027E7AB99100][0000027E78F39180 49] iPhone6Plus, [0000027E7AB14100][0000027E78F3D300 49] iPhone6S, [0000027E7AAF4300][0000027E78F41480 49] iPhone6SPlus, [0000027E7AB16800][0000027E78F45600 49] iPhone7Plus, [0000027E7AAF6300][0000027E78F49780 49] iPhoneSE, [0000027E7AB16600][0000027E78F4D900 49] iPhone8, [0000027E7AAF5000][0000027E7AF61A80 49] iPhone8Plus, [0000027E7AB17100][0000027E7AF65C00 49] iPhoneX, [0000027E7AB99500][0000027E7AF68200 49] iPhoneXS, [0000027E7AB16B00][0000027E7AF6C380 49] iPhoneXSMax, [0000027E7AB98700][0000027E7AF70500 49] iPhoneXR, [0000027E7AB14700][0000027E7AF74680 49] iPhone11, [0000027E7AB98E00][0000027E7AF78800 49] iPhone11Pro, [0000027E7AB15A00][0000027E78F28940 49] iPhone11ProMax, [0000027E7AB9B800][0000027E7AF7CA80 49] iPhoneSE2, [0000027E7AB17800][0000027E7AF80BC0 49] iPhone12Mini, [0000027E7AB9A300][0000027E7AF84D00 49] iPhone12, [0000027E7AB16300][0000027E7AF8CE80 49] iPhone12Pro, [0000027E7AB98500][0000027E7AF91000 49] iPhone12ProMax, [0000027E7AB15500][0000027E7AF95180 49] iPadPro105, [0000027E7AB98A00][0000027E7AF99300 49] iPadPro129, [0000027E7AB17D00][0000027E7AF9D480 49] iPadPro97, [0000027E7AB99200][0000027E7AFA1600 49] iPadPro2_129, [0000027E7AB16A00][0000027E7AFA5780 49] iPad5, [0000027E7AB99D00][0000027E7AFA9900 49] iPad6, [0000027E7AB15300][0000027E7AFADA80 49] iPad7, [0000027E7AB9BA00][0000027E7AFB1C00 49] iPad8, [0000027E7AB14300][0000027E7AFB4200 49] iPadPro11, [0000027E7AB98100][0000027E7AFB8380 49] iPadPro2_11, [0000027E7AB15600][0000027E7AFBC500 49] iPadPro3_129, [0000027E7AB9B300][0000027E7AFC0680 49] iPadPro4_129, [0000027E7AB15000][0000027E7AFC4800 49] AppleTV, [0000027E7AB99B00][0000027E7AFC8980 49] AppleTV4K, [0000027E7AB17200][0000027E7AFCCB00 49] TVOS, [0000027E7AB9BB00][0000027E7AF88C40 49] Mac, [0000027E7AB17700][0000027E7AFD0D80 49] MacClient, [0000027E7AB9BF00][0000027E7AFD4EC0 49] MacNoEditor, [0000027E7AB17000][0000027E7AFDD040 49] MacServer, [0000027E7AB9AC00][0000027E7AFE11C0 49] Linux, [0000027E7AB15D00][0000027E7AFE5340 49] LinuxAArch64, [0000027E7AB9AA00][0000027E7AFE94C0 49] LinuxNoEditor, [0000027E7AB17900][0000027E7AFED640 49] LinuxAArch64NoEditor, [0000027E7AB9B100][0000027E7AFF17C0 49] LinuxClient, [0000027E7AB16F00][0000027E7AFF5940 49] LinuxAArch64Client, [0000027E7AB9B200][0000027E7AFF9AC0 49] LinuxServer, [0000027E7AB17F00][0000027E7AFFC0C0 49] LinuxAArch64Server, [0000027E7AB98200][0000027E7B000240 49] Android, [0000027E7AB14500][0000027E7B0043C0 49] Android_Low, [0000027E7AB9A200][0000027E7B008540 49] Android_Mid, [0000027E7AB17B00][0000027E7B00C6C0 49] Android_High, [0000027E7AB9A000][0000027E7B010840 49] Android_Default, [0000027E7AB17300][0000027E7B0149C0 49] Android_Adreno4xx, [0000027E7AB9B700][0000027E7B018B40 49] Android_Adreno5xx_Low, [0000027E7AB14B00][0000027E7B01CCC0 49] Android_Adreno5xx, [0000027E7AB9A600][0000027E7AFD8E00 49] Android_Adreno6xx, [0000027E7AB50500][0000027E7B020F40 49] Android_Adreno6xx_Vulkan, [0000027E7AAF5300][0000027E7B025080 49] Android_Mali_T6xx, [0000027E7AB53900][0000027E7B0291C0 49] Android_Mali_T7xx, [0000027E7AAF7300][0000027E7B031340 49] Android_Mali_T8xx, [0000027E7AB52C00][0000027E7B0354C0 49] Android_Mali_G71, [0000027E7AAF6800][0000027E7B039640 49] Android_Mali_G72, [0000027E7AB51200][0000027E7B03D7C0 49] Android_Mali_G72_Vulkan, [0000027E7AAF5500][0000027E7B041940 49] Android_Mali_G76, [0000027E7AB53B00][0000027E7B045AC0 49] Android_Mali_G76_Vulkan, [0000027E7AAF6C00][0000027E7B0480C0 49] Android_Mali_G77, [0000027E7AB53400][0000027E7B04C240 49] Android_Mali_G77_Vulkan, [0000027E7AAF5700][0000027E7B0503C0 49] Android_Mali_G78, [0000027E7AB52000][0000027E7B054540 49] Android_Mali_G78_Vulkan, [0000027E7AAF4B00][0000027E7B0586C0 49] Android_Mali_G710, [0000027E7AB50300][0000027E7B05C840 49] Android_Mali_G710_Vulkan, [0000027E7AAF4200][0000027E7B0609C0 49] Android_Vulkan_SM5, [0000027E7AB50800][0000027E7B064B40 49] Android_PowerVR_G6xxx, [0000027E7AAF6500][0000027E7B068CC0 49] Android_PowerVR_GT7xxx, [0000027E7AB50E00][0000027E7B06CE40 49] Android_PowerVR_GE8xxx, [0000027E7AAF5400][0000027E7B02CF80 49] Android_PowerVR_GM9xxx, [0000027E7AB53200][0000027E7B0710C0 49] Android_PowerVR_GM9xxx_Vulkan, [0000027E7AAF4600][0000027E7B079200 49] Android_TegraK1, [0000027E7AB51C00][0000027E7B07D340 49] Android_Unknown_Vulkan, [0000027E7AAF6100][0000027E7B0B94C0 49] Lumin, [0000027E7AB53F00][0000027E7B0FD640 49] Lumin_Desktop, [0000027E7AAF7400][0000027E7B1057C0 49] HoloLens, 
[2023.02.04-17.41.35:399][  0]LogMeshReduction: Using QuadricMeshReduction for automatic static mesh reduction
[2023.02.04-17.41.35:399][  0]LogMeshReduction: Using SimplygonMeshReduction for automatic skeletal mesh reduction
[2023.02.04-17.41.35:399][  0]LogMeshReduction: Using ProxyLODMeshReduction for automatic mesh merging
[2023.02.04-17.41.35:399][  0]LogMeshReduction: No distributed automatic mesh merging module available
[2023.02.04-17.41.35:399][  0]LogMeshMerging: No distributed automatic mesh merging module available
[2023.02.04-17.41.35:413][  0]LogNetVersion: Orkcest 1.0.0, NetCL: 17155196, EngineNetVer: 17, GameNetVer: 0 (Checksum: 2145260546)
[2023.02.04-17.41.35:704][  0]LogTexture: Default maximum texture size for cubemaps generated from long-lat sources has been changed from 512 to unlimited. In order to preserve old behaiour for '/Engine/MapTemplates/Sky/DaylightAmbientCubemap.DaylightAmbientCubemap', its maximum texture size has been explicitly set to 512.
[2023.02.04-17.41.35:748][  0]LogHMD: PokeAHoleMaterial loaded successfully
[2023.02.04-17.41.35:753][  0]LogUObjectArray: 17178 objects as part of root set at end of initial load.
[2023.02.04-17.41.35:753][  0]LogUObjectAllocator: 4302048 out of 0 bytes used by permanent object pool.
[2023.02.04-17.41.35:753][  0]LogUObjectArray: CloseDisregardForGC: 0/0 objects in disregard for GC pool
[2023.02.04-17.41.35:963][  0]LogNiagaraDebuggerClient: Niagara Debugger Client Initialized | Session: 8E6DCFDE4DD4925D3B9A318274AA40FD | Instance: D91563D549EABDCCD8321593EF9A74AA (KIKE-24852).
[2023.02.04-17.41.35:992][  0]LogPython: Using Python 3.7.7
[2023.02.04-17.41.36:446][  0]LogTcpMessaging: Initializing TcpMessaging bridge
[2023.02.04-17.41.36:450][  0]LogUdpMessaging: Initializing bridge on interface 0.0.0.0:0 to multicast group 230.0.0.1:6666.
[2023.02.04-17.41.36:500][  0]LogLinker: Warning: Failed to load '/Game/ThirdPersonBP/ThirdPersonOverview': Can't find file.
[2023.02.04-17.41.36:500][  0]LogLinker: Warning: Failed to load '/Game/ThirdPersonBP/ThirdPersonOverview': Can't find file.
[2023.02.04-17.41.36:501][  0]LogUObjectGlobals: Warning: Failed to find object 'Class /Game/ThirdPersonBP/ThirdPersonOverview.ThirdPersonOverview_C'
[2023.02.04-17.41.36:568][  0]SourceControl: Source control is disabled
[2023.02.04-17.41.36:568][  0]SourceControl: Source control is disabled
[2023.02.04-17.41.36:573][  0]SourceControl: Source control is disabled
[2023.02.04-17.41.36:575][  0]SourceControl: Source control is disabled
[2023.02.04-17.41.36:580][  0]LogUProjectInfo: Found projects:
[2023.02.04-17.41.36:588][  0]SourceControl: Source control is disabled
[2023.02.04-17.41.36:748][  0]LogOpenImageDenoise: OIDN starting up
[2023.02.04-17.41.36:780][  0]LogAndroidPermission: UAndroidPermissionCallbackProxy::GetInstance
[2023.02.04-17.41.36:794][  0]LogAudioCaptureCore: Display: No Audio Capture implementations found. Audio input will be silent.
[2023.02.04-17.41.36:794][  0]LogAudioCaptureCore: Display: No Audio Capture implementations found. Audio input will be silent.
[2023.02.04-17.41.36:888][  0]LogCollectionManager: Loaded 0 collections in 0.001452 seconds
[2023.02.04-17.41.36:906][  0]LogFileCache: Scanning file cache for directory 'C:/Users/Kike/Github/orkcest/Orkcest/Saved/Collections/' took 0.00s
[2023.02.04-17.41.36:906][  0]LogFileCache: Scanning file cache for directory 'C:/Users/Kike/Github/orkcest/Orkcest/Content/Developers/Kike/Collections/' took 0.00s
[2023.02.04-17.41.36:906][  0]LogFileCache: Scanning file cache for directory 'C:/Users/Kike/Github/orkcest/Orkcest/Content/Collections/' took 0.00s
[2023.02.04-17.41.36:906][  0]LogOcInput: OculusInput pre-init called
[2023.02.04-17.41.37:095][  0]LogEngine: Initializing Engine...
[2023.02.04-17.41.37:096][  0]LogHMD: Failed to enumerate extensions. Please check that you have a valid OpenXR runtime installed.
[2023.02.04-17.41.37:096][  0]LogHMD: Failed to initialize OpenVR with code 110
[2023.02.04-17.41.37:096][  0]LogMagicLeap: Warning: VR disabled because ZI is not enabled.  To enable, in the editor, Edit -> Project Settings -> Plugins -> Magic Leap Plugin -> Enable Zero Iteration
[2023.02.04-17.41.37:097][  0]LogStats: UGameplayTagsManager::InitializeManager -  0.000 s
[2023.02.04-17.41.37:184][  0]LogInit: Initializing FReadOnlyCVARCache
[2023.02.04-17.41.37:191][  0]LogAIModule: Creating AISystem for world Untitled
[2023.02.04-17.41.37:199][  0]LogAudio: Display: Initializing Audio Device Manager...
[2023.02.04-17.41.37:202][  0]LogAudio: Display: Loading Default Audio Settings Objects...
[2023.02.04-17.41.37:203][  0]LogAudio: Display: No default SoundConcurrencyObject specified (or failed to load).
[2023.02.04-17.41.37:203][  0]LogAudio: Display: Audio Device Manager Initialized
[2023.02.04-17.41.37:203][  0]LogAudio: Display: Creating Audio Device:                 Id: 1, Scope: Shared, Realtime: True
[2023.02.04-17.41.37:203][  0]LogAudioMixer: Display: Audio Mixer Platform Settings:
[2023.02.04-17.41.37:203][  0]LogAudioMixer: Display: 	Sample Rate:						  48000
[2023.02.04-17.41.37:203][  0]LogAudioMixer: Display: 	Callback Buffer Frame Size Requested: 1024
[2023.02.04-17.41.37:203][  0]LogAudioMixer: Display: 	Callback Buffer Frame Size To Use:	  1024
[2023.02.04-17.41.37:203][  0]LogAudioMixer: Display: 	Number of buffers to queue:			  2
[2023.02.04-17.41.37:203][  0]LogAudioMixer: Display: 	Max Channels (voices):				  32
[2023.02.04-17.41.37:203][  0]LogAudioMixer: Display: 	Number of Async Source Workers:		  0
[2023.02.04-17.41.37:203][  0]LogAudio: Display: AudioDevice MaxSources: 32
[2023.02.04-17.41.37:204][  0]LogAudio: Display: Audio Spatialization Plugin: None (built-in).
[2023.02.04-17.41.37:204][  0]LogAudio: Display: Audio Reverb Plugin: None (built-in).
[2023.02.04-17.41.37:204][  0]LogAudio: Display: Audio Occlusion Plugin: None (built-in).
[2023.02.04-17.41.37:204][  0]LogAudioMixer: Display: Initializing audio mixer.
[2023.02.04-17.41.37:213][  0]LogAudioMixer: Display: 0: FrontLeft
[2023.02.04-17.41.37:213][  0]LogAudioMixer: Display: 1: FrontRight
[2023.02.04-17.41.37:235][  0]LogAudioMixer: Display: Using Audio Device Altavoces (C-Media(R) Audio)
[2023.02.04-17.41.37:238][  0]LogAudioMixer: Display: Initializing Sound Submixes...
[2023.02.04-17.41.37:239][  0]LogAudioMixer: Display: Creating Master Submix 'MasterSubmixDefault'
[2023.02.04-17.41.37:239][  0]LogAudioMixer: Display: Creating Master Submix 'MasterReverbSubmixDefault'
[2023.02.04-17.41.37:240][  0]LogAudioMixer: Display: Creating Master Submix 'MasterEQSubmixDefault'
[2023.02.04-17.41.37:240][  0]LogAudioMixer: FMixerPlatformXAudio2::StartAudioStream() called
[2023.02.04-17.41.37:240][  0]LogAudioMixer: Display: Output buffers initialized: Frames=1024, Channels=2, Samples=2048
[2023.02.04-17.41.37:241][  0]LogAudioMixer: Display: Starting AudioMixerPlatformInterface::RunInternal()
[2023.02.04-17.41.37:241][  0]LogAudioMixer: Display: FMixerPlatformXAudio2::SubmitBuffer() called for the first time
[2023.02.04-17.41.37:241][  0]LogInit: FAudioDevice initialized.
[2023.02.04-17.41.37:241][  0]LogAudio: Display: Audio Device (ID: 1) registered with world 'Untitled'.
[2023.02.04-17.41.37:241][  0]LogNetVersion: Set ProjectVersion to 1.0.0.0. Version Checksum will be recalculated on next use.
[2023.02.04-17.41.37:287][  0]LogDerivedDataCache: Saved boot cache 0.05s 94MB C:/Users/Kike/AppData/Local/UnrealEngine/4.27/DerivedDataCache/Boot.ddc.
[2023.02.04-17.41.37:287][  0]LogInit: Texture streaming: Enabled
[2023.02.04-17.41.37:297][  0]LogAnalytics: Display: [UEEditor.Rocket.Release] APIServer = https://datarouter.ol.epicgames.com/. AppVersion = 4.27.2-18319896+++UE4+Release-4.27
[2023.02.04-17.41.37:300][  0]LogEngineSessionManager: EngineSessionManager initialized
[2023.02.04-17.41.37:300][  0]LogEditorSessionSummary: Verbose: Initializing EditorSessionSummaryWriter for editor session tracking
[2023.02.04-17.41.37:301][  0]LogEditorSessionSummary: EditorSessionSummaryWriter initialized
[2023.02.04-17.41.37:321][  0]LogInit: Transaction tracking system initialized
[2023.02.04-17.41.37:339][  0]BlueprintLog: New page: Editor Load
[2023.02.04-17.41.37:384][  0]LocalizationService: Localization service is disabled
[2023.02.04-17.41.37:401][  0]TimingProfiler: Initialize
[2023.02.04-17.41.37:401][  0]TimingProfiler: OnSessionChanged
[2023.02.04-17.41.37:401][  0]LoadingProfiler: Initialize
[2023.02.04-17.41.37:401][  0]LoadingProfiler: OnSessionChanged
[2023.02.04-17.41.37:401][  0]NetworkingProfiler: Initialize
[2023.02.04-17.41.37:401][  0]NetworkingProfiler: OnSessionChanged
[2023.02.04-17.41.37:401][  0]MemoryProfiler: Initialize
[2023.02.04-17.41.37:401][  0]MemoryProfiler: OnSessionChanged
[2023.02.04-17.41.37:511][  0]LogCook: Display: CookSettings for Memory: MemoryMaxUsedVirtual 0MiB, MemoryMaxUsedPhysical 16384MiB, MemoryMinFreeVirtual 0MiB, MemoryMinFreePhysical 1024MiB
[2023.02.04-17.41.37:511][  0]LogCook: Display: Mobile HDR setting 1
[2023.02.04-17.41.37:548][  0]LogFileCache: Scanning file cache for directory 'C:/Users/Kike/Github/orkcest/Orkcest/Content/' took 0.00s
[2023.02.04-17.41.37:806][  0]LogInit: Display: Engine is initialized. Leaving FEngineLoop::Init()
[2023.02.04-17.41.37:808][  0]SourceControl: Source control is disabled
[2023.02.04-17.41.37:808][  0]LogUnrealEdMisc: Loading editor; pre map load, took 8.397
[2023.02.04-17.41.37:808][  0]Cmd: MAP LOAD FILE="../../../../../../Users/Kike/Github/orkcest/Orkcest/Content/TwinStickBP/Maps/TwinStickExampleMap.umap" TEMPLATE=0 SHOWPROGRESS=1 FEATURELEVEL=3
[2023.02.04-17.41.37:809][  0]LightingResults: New page: Lighting Build
[2023.02.04-17.41.37:810][  0]LogWorld: UWorld::CleanupWorld for Untitled, bSessionEnded=true, bCleanupResources=true
[2023.02.04-17.41.37:810][  0]LogSlate: InvalidateAllWidgets triggered.  All widgets were invalidated
[2023.02.04-17.41.37:810][  0]MapCheck: New page: Map Check
[2023.02.04-17.41.37:810][  0]LightingResults: New page: Lighting Build
[2023.02.04-17.41.37:812][  0]LogAudio: Display: Audio Device unregistered from world 'None'.
[2023.02.04-17.41.37:816][  0]LogUObjectHash: Compacting FUObjectHashTables data took   0.54ms
[2023.02.04-17.41.38:495][  0]LogAudio: Display: Audio Device (ID: 1) registered with world 'TwinStickExampleMap'.
[2023.02.04-17.41.38:495][  0]LogAIModule: Creating AISystem for world TwinStickExampleMap
[2023.02.04-17.41.38:504][  0]LogNiagara: StaticMesh data interface using a mesh that does not allow CPU access. Interface: NiagaraDataInterfaceStaticMesh /Game/Materials/VFX/Green_Zone/NS_Spore_Green.NS_Spore_Green:Base_0.SpawnScript.NiagaraDataInterfaceStaticMesh_0, Mesh: StaticMesh /Engine/BasicShapes/Cylinder.Cylinder
[2023.02.04-17.41.38:504][  0]LogNiagara: StaticMesh data interface using a mesh that does not allow CPU access. Interface: NiagaraDataInterfaceStaticMesh /Game/Materials/VFX/Green_Zone/NS_Spore_Green.NS_Spore_Green:ParticlesFX_2.SpawnScript.NiagaraDataInterfaceStaticMesh_0, Mesh: StaticMesh /Engine/BasicShapes/Cylinder.Cylinder
[2023.02.04-17.41.38:504][  0]LogNiagara: StaticMesh data interface using a mesh that does not allow CPU access. Interface: NiagaraDataInterfaceStaticMesh /Game/Materials/VFX/Green_Zone/NS_Spore_Green.NS_Spore_Green:Details_3.SpawnScript.NiagaraDataInterfaceStaticMesh_0, Mesh: StaticMesh /Engine/BasicShapes/Cylinder.Cylinder
[2023.02.04-17.41.38:506][  0]LogEditorServer: Finished looking for orphan Actors (0.000 secs)
[2023.02.04-17.41.38:514][  0]LogUObjectHash: Compacting FUObjectHashTables data took   0.76ms
[2023.02.04-17.41.38:516][  0]Cmd: MAP CHECKDEP NOCLEARLOG
[2023.02.04-17.41.38:516][  0]MapCheck: Map check complete: 0 Error(s), 0 Warning(s), took 0,113ms to complete.
[2023.02.04-17.41.38:516][  0]LogFileHelpers: Loading map 'TwinStickExampleMap' took 0.708
[2023.02.04-17.41.38:517][  0]LogUnrealEdMisc: Total Editor Startup Time, took 9.106
[2023.02.04-17.41.38:621][  0]LogSlate: Updating window title bar state: overlay mode, drag disabled, window buttons hidden, title bar hidden
[2023.02.04-17.41.38:627][  0]LogSlate: Updating window title bar state: overlay mode, drag disabled, window buttons hidden, title bar hidden
[2023.02.04-17.41.38:632][  0]LogSlate: Updating window title bar state: overlay mode, drag disabled, window buttons hidden, title bar hidden
[2023.02.04-17.41.38:636][  0]LogSlate: Updating window title bar state: overlay mode, drag disabled, window buttons hidden, title bar hidden
[2023.02.04-17.41.38:646][  0]LogNativeClassHierarchy: Verbose: Native class hierarchy populated in 0.0072 seconds. Added 3822 classes and 928 folders.
[2023.02.04-17.41.38:658][  0]LogNativeClassHierarchy: Verbose: Native class hierarchy updated for 'WidgetCarousel' in 0.0002 seconds. Added 0 classes and 0 folders.
[2023.02.04-17.41.38:659][  0]LogPakFile: PakFile PrimaryIndexSize=187
[2023.02.04-17.41.38:659][  0]LogPakFile: PakFile PathHashIndexSize=101
[2023.02.04-17.41.38:659][  0]LogPakFile: PakFile FullDirectoryIndexSize=148
[2023.02.04-17.41.38:659][  0]LogShaderLibrary: Display: ShaderCodeLibraryPakFileMountedCallback: PakFile 'C:/Program Files/Epic Games/UE_4.27/FeaturePacks/FP_FirstPerson.upack' (chunk index -1, root 'root:/') mounted
[2023.02.04-17.41.38:659][  0]LogShaderLibrary: Display: ShaderCodeLibraryPakFileMountedCallback: pending pak file info (ChunkID:-1 Root:root:/ File:C:/Program Files/Epic Games/UE_4.27/FeaturePacks/FP_FirstPerson.upack)
[2023.02.04-17.41.38:659][  0]LogPakFile: OnPakFileMounted2Time == 0.000042
[2023.02.04-17.41.38:661][  0]LogPakFile: PakFile PrimaryIndexSize=189
[2023.02.04-17.41.38:661][  0]LogPakFile: PakFile PathHashIndexSize=101
[2023.02.04-17.41.38:661][  0]LogPakFile: PakFile FullDirectoryIndexSize=152
[2023.02.04-17.41.38:661][  0]LogShaderLibrary: Display: ShaderCodeLibraryPakFileMountedCallback: PakFile 'C:/Program Files/Epic Games/UE_4.27/FeaturePacks/FP_FirstPersonBP.upack' (chunk index -1, root 'root:/') mounted
[2023.02.04-17.41.38:661][  0]LogShaderLibrary: Display: ShaderCodeLibraryPakFileMountedCallback: pending pak file info (ChunkID:-1 Root:root:/ File:C:/Program Files/Epic Games/UE_4.27/FeaturePacks/FP_FirstPersonBP.upack)
[2023.02.04-17.41.38:661][  0]LogPakFile: OnPakFileMounted2Time == 0.000033
[2023.02.04-17.41.38:662][  0]LogPakFile: PakFile PrimaryIndexSize=191
[2023.02.04-17.41.38:662][  0]LogPakFile: PakFile PathHashIndexSize=101
[2023.02.04-17.41.38:662][  0]LogPakFile: PakFile FullDirectoryIndexSize=160
[2023.02.04-17.41.38:662][  0]LogShaderLibrary: Display: ShaderCodeLibraryPakFileMountedCallback: PakFile 'C:/Program Files/Epic Games/UE_4.27/FeaturePacks/MobileStarterContent.upack' (chunk index -1, root 'root:/') mounted
[2023.02.04-17.41.38:662][  0]LogShaderLibrary: Display: ShaderCodeLibraryPakFileMountedCallback: pending pak file info (ChunkID:-1 Root:root:/ File:C:/Program Files/Epic Games/UE_4.27/FeaturePacks/MobileStarterContent.upack)
[2023.02.04-17.41.38:662][  0]LogPakFile: OnPakFileMounted2Time == 0.000026
[2023.02.04-17.41.38:662][  0]LogPakFile: PakFile PrimaryIndexSize=185
[2023.02.04-17.41.38:662][  0]LogPakFile: PakFile PathHashIndexSize=101
[2023.02.04-17.41.38:662][  0]LogPakFile: PakFile FullDirectoryIndexSize=148
[2023.02.04-17.41.38:662][  0]LogShaderLibrary: Display: ShaderCodeLibraryPakFileMountedCallback: PakFile 'C:/Program Files/Epic Games/UE_4.27/FeaturePacks/StarterContent.upack' (chunk index -1, root 'root:/') mounted
[2023.02.04-17.41.38:662][  0]LogShaderLibrary: Display: ShaderCodeLibraryPakFileMountedCallback: pending pak file info (ChunkID:-1 Root:root:/ File:C:/Program Files/Epic Games/UE_4.27/FeaturePacks/StarterContent.upack)
[2023.02.04-17.41.38:662][  0]LogPakFile: OnPakFileMounted2Time == 0.000029
[2023.02.04-17.41.38:663][  0]LogPakFile: PakFile PrimaryIndexSize=190
[2023.02.04-17.41.38:663][  0]LogPakFile: PakFile PathHashIndexSize=101
[2023.02.04-17.41.38:663][  0]LogPakFile: PakFile FullDirectoryIndexSize=154
[2023.02.04-17.41.38:663][  0]LogShaderLibrary: Display: ShaderCodeLibraryPakFileMountedCallback: PakFile 'C:/Program Files/Epic Games/UE_4.27/FeaturePacks/TP_2DSideScroller.upack' (chunk index -1, root 'root:/') mounted
[2023.02.04-17.41.38:663][  0]LogShaderLibrary: Display: ShaderCodeLibraryPakFileMountedCallback: pending pak file info (ChunkID:-1 Root:root:/ File:C:/Program Files/Epic Games/UE_4.27/FeaturePacks/TP_2DSideScroller.upack)
[2023.02.04-17.41.38:663][  0]LogPakFile: OnPakFileMounted2Time == 0.000022
[2023.02.04-17.41.38:663][  0]LogPakFile: PakFile PrimaryIndexSize=192
[2023.02.04-17.41.38:663][  0]LogPakFile: PakFile PathHashIndexSize=101
[2023.02.04-17.41.38:663][  0]LogPakFile: PakFile FullDirectoryIndexSize=158
[2023.02.04-17.41.38:663][  0]LogShaderLibrary: Display: ShaderCodeLibraryPakFileMountedCallback: PakFile 'C:/Program Files/Epic Games/UE_4.27/FeaturePacks/TP_2DSideScrollerBP.upack' (chunk index -1, root 'root:/') mounted
[2023.02.04-17.41.38:663][  0]LogShaderLibrary: Display: ShaderCodeLibraryPakFileMountedCallback: pending pak file info (ChunkID:-1 Root:root:/ File:C:/Program Files/Epic Games/UE_4.27/FeaturePacks/TP_2DSideScrollerBP.upack)
[2023.02.04-17.41.38:663][  0]LogPakFile: OnPakFileMounted2Time == 0.000021
[2023.02.04-17.41.38:663][  0]LogPakFile: PakFile PrimaryIndexSize=182
[2023.02.04-17.41.38:663][  0]LogPakFile: PakFile PathHashIndexSize=101
[2023.02.04-17.41.38:663][  0]LogPakFile: PakFile FullDirectoryIndexSize=138
[2023.02.04-17.41.38:663][  0]LogShaderLibrary: Display: ShaderCodeLibraryPakFileMountedCallback: PakFile 'C:/Program Files/Epic Games/UE_4.27/FeaturePacks/TP_Flying.upack' (chunk index -1, root 'root:/') mounted
[2023.02.04-17.41.38:663][  0]LogShaderLibrary: Display: ShaderCodeLibraryPakFileMountedCallback: pending pak file info (ChunkID:-1 Root:root:/ File:C:/Program Files/Epic Games/UE_4.27/FeaturePacks/TP_Flying.upack)
[2023.02.04-17.41.38:663][  0]LogPakFile: OnPakFileMounted2Time == 0.000020
[2023.02.04-17.41.38:663][  0]LogPakFile: PakFile PrimaryIndexSize=184
[2023.02.04-17.41.38:664][  0]LogPakFile: PakFile PathHashIndexSize=101
[2023.02.04-17.41.38:664][  0]LogPakFile: PakFile FullDirectoryIndexSize=142
[2023.02.04-17.41.38:664][  0]LogShaderLibrary: Display: ShaderCodeLibraryPakFileMountedCallback: PakFile 'C:/Program Files/Epic Games/UE_4.27/FeaturePacks/TP_FlyingBP.upack' (chunk index -1, root 'root:/') mounted
[2023.02.04-17.41.38:664][  0]LogShaderLibrary: Display: ShaderCodeLibraryPakFileMountedCallback: pending pak file info (ChunkID:-1 Root:root:/ File:C:/Program Files/Epic Games/UE_4.27/FeaturePacks/TP_FlyingBP.upack)
[2023.02.04-17.41.38:664][  0]LogPakFile: OnPakFileMounted2Time == 0.000027
[2023.02.04-17.41.38:664][  0]LogPakFile: PakFile PrimaryIndexSize=188
[2023.02.04-17.41.38:664][  0]LogPakFile: PakFile PathHashIndexSize=101
[2023.02.04-17.41.38:664][  0]LogPakFile: PakFile FullDirectoryIndexSize=150
[2023.02.04-17.41.38:664][  0]LogShaderLibrary: Display: ShaderCodeLibraryPakFileMountedCallback: PakFile 'C:/Program Files/Epic Games/UE_4.27/FeaturePacks/TP_HandheldARBP.upack' (chunk index -1, root 'root:/') mounted
[2023.02.04-17.41.38:664][  0]LogShaderLibrary: Display: ShaderCodeLibraryPakFileMountedCallback: pending pak file info (ChunkID:-1 Root:root:/ File:C:/Program Files/Epic Games/UE_4.27/FeaturePacks/TP_HandheldARBP.upack)
[2023.02.04-17.41.38:664][  0]LogPakFile: OnPakFileMounted2Time == 0.000022
[2023.02.04-17.41.38:665][  0]LogPakFile: PakFile PrimaryIndexSize=182
[2023.02.04-17.41.38:665][  0]LogPakFile: PakFile PathHashIndexSize=101
[2023.02.04-17.41.38:665][  0]LogPakFile: PakFile FullDirectoryIndexSize=138
[2023.02.04-17.41.38:665][  0]LogShaderLibrary: Display: ShaderCodeLibraryPakFileMountedCallback: PakFile 'C:/Program Files/Epic Games/UE_4.27/FeaturePacks/TP_Puzzle.upack' (chunk index -1, root 'root:/') mounted
[2023.02.04-17.41.38:665][  0]LogShaderLibrary: Display: ShaderCodeLibraryPakFileMountedCallback: pending pak file info (ChunkID:-1 Root:root:/ File:C:/Program Files/Epic Games/UE_4.27/FeaturePacks/TP_Puzzle.upack)
[2023.02.04-17.41.38:665][  0]LogPakFile: OnPakFileMounted2Time == 0.000023
[2023.02.04-17.41.38:665][  0]LogPakFile: PakFile PrimaryIndexSize=184
[2023.02.04-17.41.38:665][  0]LogPakFile: PakFile PathHashIndexSize=101
[2023.02.04-17.41.38:665][  0]LogPakFile: PakFile FullDirectoryIndexSize=142
[2023.02.04-17.41.38:665][  0]LogShaderLibrary: Display: ShaderCodeLibraryPakFileMountedCallback: PakFile 'C:/Program Files/Epic Games/UE_4.27/FeaturePacks/TP_PuzzleBP.upack' (chunk index -1, root 'root:/') mounted
[2023.02.04-17.41.38:665][  0]LogShaderLibrary: Display: ShaderCodeLibraryPakFileMountedCallback: pending pak file info (ChunkID:-1 Root:root:/ File:C:/Program Files/Epic Games/UE_4.27/FeaturePacks/TP_PuzzleBP.upack)
[2023.02.04-17.41.38:665][  0]LogPakFile: OnPakFileMounted2Time == 0.000021
[2023.02.04-17.41.38:665][  0]LogPakFile: PakFile PrimaryIndexSize=183
[2023.02.04-17.41.38:665][  0]LogPakFile: PakFile PathHashIndexSize=101
[2023.02.04-17.41.38:665][  0]LogPakFile: PakFile FullDirectoryIndexSize=140
[2023.02.04-17.41.38:665][  0]LogShaderLibrary: Display: ShaderCodeLibraryPakFileMountedCallback: PakFile 'C:/Program Files/Epic Games/UE_4.27/FeaturePacks/TP_Rolling.upack' (chunk index -1, root 'root:/') mounted
[2023.02.04-17.41.38:665][  0]LogShaderLibrary: Display: ShaderCodeLibraryPakFileMountedCallback: pending pak file info (ChunkID:-1 Root:root:/ File:C:/Program Files/Epic Games/UE_4.27/FeaturePacks/TP_Rolling.upack)
[2023.02.04-17.41.38:665][  0]LogPakFile: OnPakFileMounted2Time == 0.000021
[2023.02.04-17.41.38:666][  0]LogPakFile: PakFile PrimaryIndexSize=185
[2023.02.04-17.41.38:666][  0]LogPakFile: PakFile PathHashIndexSize=101
[2023.02.04-17.41.38:666][  0]LogPakFile: PakFile FullDirectoryIndexSize=144
[2023.02.04-17.41.38:666][  0]LogShaderLibrary: Display: ShaderCodeLibraryPakFileMountedCallback: PakFile 'C:/Program Files/Epic Games/UE_4.27/FeaturePacks/TP_RollingBP.upack' (chunk index -1, root 'root:/') mounted
[2023.02.04-17.41.38:666][  0]LogShaderLibrary: Display: ShaderCodeLibraryPakFileMountedCallback: pending pak file info (ChunkID:-1 Root:root:/ File:C:/Program Files/Epic Games/UE_4.27/FeaturePacks/TP_RollingBP.upack)
[2023.02.04-17.41.38:666][  0]LogPakFile: OnPakFileMounted2Time == 0.000022
[2023.02.04-17.41.38:666][  0]LogPakFile: PakFile PrimaryIndexSize=188
[2023.02.04-17.41.38:666][  0]LogPakFile: PakFile PathHashIndexSize=101
[2023.02.04-17.41.38:666][  0]LogPakFile: PakFile FullDirectoryIndexSize=150
[2023.02.04-17.41.38:666][  0]LogShaderLibrary: Display: ShaderCodeLibraryPakFileMountedCallback: PakFile 'C:/Program Files/Epic Games/UE_4.27/FeaturePacks/TP_SideScroller.upack' (chunk index -1, root 'root:/') mounted
[2023.02.04-17.41.38:666][  0]LogShaderLibrary: Display: ShaderCodeLibraryPakFileMountedCallback: pending pak file info (ChunkID:-1 Root:root:/ File:C:/Program Files/Epic Games/UE_4.27/FeaturePacks/TP_SideScroller.upack)
[2023.02.04-17.41.38:666][  0]LogPakFile: OnPakFileMounted2Time == 0.000023
[2023.02.04-17.41.38:666][  0]LogPakFile: PakFile PrimaryIndexSize=190
[2023.02.04-17.41.38:666][  0]LogPakFile: PakFile PathHashIndexSize=101
[2023.02.04-17.41.38:666][  0]LogPakFile: PakFile FullDirectoryIndexSize=154
[2023.02.04-17.41.38:666][  0]LogShaderLibrary: Display: ShaderCodeLibraryPakFileMountedCallback: PakFile 'C:/Program Files/Epic Games/UE_4.27/FeaturePacks/TP_SideScrollerBP.upack' (chunk index -1, root 'root:/') mounted
[2023.02.04-17.41.38:666][  0]LogShaderLibrary: Display: ShaderCodeLibraryPakFileMountedCallback: pending pak file info (ChunkID:-1 Root:root:/ File:C:/Program Files/Epic Games/UE_4.27/FeaturePacks/TP_SideScrollerBP.upack)
[2023.02.04-17.41.38:666][  0]LogPakFile: OnPakFileMounted2Time == 0.000020
[2023.02.04-17.41.38:667][  0]LogPakFile: PakFile PrimaryIndexSize=187
[2023.02.04-17.41.38:667][  0]LogPakFile: PakFile PathHashIndexSize=101
[2023.02.04-17.41.38:667][  0]LogPakFile: PakFile FullDirectoryIndexSize=148
[2023.02.04-17.41.38:667][  0]LogShaderLibrary: Display: ShaderCodeLibraryPakFileMountedCallback: PakFile 'C:/Program Files/Epic Games/UE_4.27/FeaturePacks/TP_ThirdPerson.upack' (chunk index -1, root 'root:/') mounted
[2023.02.04-17.41.38:667][  0]LogShaderLibrary: Display: ShaderCodeLibraryPakFileMountedCallback: pending pak file info (ChunkID:-1 Root:root:/ File:C:/Program Files/Epic Games/UE_4.27/FeaturePacks/TP_ThirdPerson.upack)
[2023.02.04-17.41.38:667][  0]LogPakFile: OnPakFileMounted2Time == 0.000021
[2023.02.04-17.41.38:667][  0]LogPakFile: PakFile PrimaryIndexSize=189
[2023.02.04-17.41.38:667][  0]LogPakFile: PakFile PathHashIndexSize=101
[2023.02.04-17.41.38:667][  0]LogPakFile: PakFile FullDirectoryIndexSize=152
[2023.02.04-17.41.38:667][  0]LogShaderLibrary: Display: ShaderCodeLibraryPakFileMountedCallback: PakFile 'C:/Program Files/Epic Games/UE_4.27/FeaturePacks/TP_ThirdPersonBP.upack' (chunk index -1, root 'root:/') mounted
[2023.02.04-17.41.38:667][  0]LogShaderLibrary: Display: ShaderCodeLibraryPakFileMountedCallback: pending pak file info (ChunkID:-1 Root:root:/ File:C:/Program Files/Epic Games/UE_4.27/FeaturePacks/TP_ThirdPersonBP.upack)
[2023.02.04-17.41.38:667][  0]LogPakFile: OnPakFileMounted2Time == 0.000021
[2023.02.04-17.41.38:667][  0]LogPakFile: PakFile PrimaryIndexSize=183
[2023.02.04-17.41.38:667][  0]LogPakFile: PakFile PathHashIndexSize=101
[2023.02.04-17.41.38:667][  0]LogPakFile: PakFile FullDirectoryIndexSize=140
[2023.02.04-17.41.38:667][  0]LogShaderLibrary: Display: ShaderCodeLibraryPakFileMountedCallback: PakFile 'C:/Program Files/Epic Games/UE_4.27/FeaturePacks/TP_TopDown.upack' (chunk index -1, root 'root:/') mounted
[2023.02.04-17.41.38:667][  0]LogShaderLibrary: Display: ShaderCodeLibraryPakFileMountedCallback: pending pak file info (ChunkID:-1 Root:root:/ File:C:/Program Files/Epic Games/UE_4.27/FeaturePacks/TP_TopDown.upack)
[2023.02.04-17.41.38:667][  0]LogPakFile: OnPakFileMounted2Time == 0.000027
[2023.02.04-17.41.38:667][  0]LogPakFile: PakFile PrimaryIndexSize=185
[2023.02.04-17.41.38:667][  0]LogPakFile: PakFile PathHashIndexSize=101
[2023.02.04-17.41.38:667][  0]LogPakFile: PakFile FullDirectoryIndexSize=144
[2023.02.04-17.41.38:667][  0]LogShaderLibrary: Display: ShaderCodeLibraryPakFileMountedCallback: PakFile 'C:/Program Files/Epic Games/UE_4.27/FeaturePacks/TP_TopDownBP.upack' (chunk index -1, root 'root:/') mounted
[2023.02.04-17.41.38:667][  0]LogShaderLibrary: Display: ShaderCodeLibraryPakFileMountedCallback: pending pak file info (ChunkID:-1 Root:root:/ File:C:/Program Files/Epic Games/UE_4.27/FeaturePacks/TP_TopDownBP.upack)
[2023.02.04-17.41.38:667][  0]LogPakFile: OnPakFileMounted2Time == 0.000020
[2023.02.04-17.41.38:668][  0]LogPakFile: PakFile PrimaryIndexSize=185
[2023.02.04-17.41.38:668][  0]LogPakFile: PakFile PathHashIndexSize=101
[2023.02.04-17.41.38:668][  0]LogPakFile: PakFile FullDirectoryIndexSize=144
[2023.02.04-17.41.38:668][  0]LogShaderLibrary: Display: ShaderCodeLibraryPakFileMountedCallback: PakFile 'C:/Program Files/Epic Games/UE_4.27/FeaturePacks/TP_TwinStick.upack' (chunk index -1, root 'root:/') mounted
[2023.02.04-17.41.38:668][  0]LogShaderLibrary: Display: ShaderCodeLibraryPakFileMountedCallback: pending pak file info (ChunkID:-1 Root:root:/ File:C:/Program Files/Epic Games/UE_4.27/FeaturePacks/TP_TwinStick.upack)
[2023.02.04-17.41.38:668][  0]LogPakFile: OnPakFileMounted2Time == 0.000020
[2023.02.04-17.41.38:668][  0]LogPakFile: PakFile PrimaryIndexSize=187
[2023.02.04-17.41.38:668][  0]LogPakFile: PakFile PathHashIndexSize=101
[2023.02.04-17.41.38:668][  0]LogPakFile: PakFile FullDirectoryIndexSize=148
[2023.02.04-17.41.38:668][  0]LogShaderLibrary: Display: ShaderCodeLibraryPakFileMountedCallback: PakFile 'C:/Program Files/Epic Games/UE_4.27/FeaturePacks/TP_TwinStickBP.upack' (chunk index -1, root 'root:/') mounted
[2023.02.04-17.41.38:668][  0]LogShaderLibrary: Display: ShaderCodeLibraryPakFileMountedCallback: pending pak file info (ChunkID:-1 Root:root:/ File:C:/Program Files/Epic Games/UE_4.27/FeaturePacks/TP_TwinStickBP.upack)
[2023.02.04-17.41.38:668][  0]LogPakFile: OnPakFileMounted2Time == 0.000022
[2023.02.04-17.41.38:669][  0]LogPakFile: PakFile PrimaryIndexSize=183
[2023.02.04-17.41.38:669][  0]LogPakFile: PakFile PathHashIndexSize=101
[2023.02.04-17.41.38:669][  0]LogPakFile: PakFile FullDirectoryIndexSize=140
[2023.02.04-17.41.38:669][  0]LogShaderLibrary: Display: ShaderCodeLibraryPakFileMountedCallback: PakFile 'C:/Program Files/Epic Games/UE_4.27/FeaturePacks/TP_Vehicle.upack' (chunk index -1, root 'root:/') mounted
[2023.02.04-17.41.38:669][  0]LogShaderLibrary: Display: ShaderCodeLibraryPakFileMountedCallback: pending pak file info (ChunkID:-1 Root:root:/ File:C:/Program Files/Epic Games/UE_4.27/FeaturePacks/TP_Vehicle.upack)
[2023.02.04-17.41.38:669][  0]LogPakFile: OnPakFileMounted2Time == 0.000022
[2023.02.04-17.41.38:669][  0]LogPakFile: PakFile PrimaryIndexSize=186
[2023.02.04-17.41.38:669][  0]LogPakFile: PakFile PathHashIndexSize=101
[2023.02.04-17.41.38:669][  0]LogPakFile: PakFile FullDirectoryIndexSize=146
[2023.02.04-17.41.38:669][  0]LogShaderLibrary: Display: ShaderCodeLibraryPakFileMountedCallback: PakFile 'C:/Program Files/Epic Games/UE_4.27/FeaturePacks/TP_VehicleAdv.upack' (chunk index -1, root 'root:/') mounted
[2023.02.04-17.41.38:669][  0]LogShaderLibrary: Display: ShaderCodeLibraryPakFileMountedCallback: pending pak file info (ChunkID:-1 Root:root:/ File:C:/Program Files/Epic Games/UE_4.27/FeaturePacks/TP_VehicleAdv.upack)
[2023.02.04-17.41.38:669][  0]LogPakFile: OnPakFileMounted2Time == 0.000025
[2023.02.04-17.41.38:669][  0]LogPakFile: PakFile PrimaryIndexSize=188
[2023.02.04-17.41.38:669][  0]LogPakFile: PakFile PathHashIndexSize=101
[2023.02.04-17.41.38:669][  0]LogPakFile: PakFile FullDirectoryIndexSize=150
[2023.02.04-17.41.38:669][  0]LogShaderLibrary: Display: ShaderCodeLibraryPakFileMountedCallback: PakFile 'C:/Program Files/Epic Games/UE_4.27/FeaturePacks/TP_VehicleAdvBP.upack' (chunk index -1, root 'root:/') mounted
[2023.02.04-17.41.38:669][  0]LogShaderLibrary: Display: ShaderCodeLibraryPakFileMountedCallback: pending pak file info (ChunkID:-1 Root:root:/ File:C:/Program Files/Epic Games/UE_4.27/FeaturePacks/TP_VehicleAdvBP.upack)
[2023.02.04-17.41.38:669][  0]LogPakFile: OnPakFileMounted2Time == 0.000025
[2023.02.04-17.41.38:669][  0]LogPakFile: PakFile PrimaryIndexSize=185
[2023.02.04-17.41.38:670][  0]LogPakFile: PakFile PathHashIndexSize=101
[2023.02.04-17.41.38:670][  0]LogPakFile: PakFile FullDirectoryIndexSize=144
[2023.02.04-17.41.38:670][  0]LogShaderLibrary: Display: ShaderCodeLibraryPakFileMountedCallback: PakFile 'C:/Program Files/Epic Games/UE_4.27/FeaturePacks/TP_VehicleBP.upack' (chunk index -1, root 'root:/') mounted
[2023.02.04-17.41.38:670][  0]LogShaderLibrary: Display: ShaderCodeLibraryPakFileMountedCallback: pending pak file info (ChunkID:-1 Root:root:/ File:C:/Program Files/Epic Games/UE_4.27/FeaturePacks/TP_VehicleBP.upack)
[2023.02.04-17.41.38:670][  0]LogPakFile: OnPakFileMounted2Time == 0.000024
[2023.02.04-17.41.38:670][  0]LogPakFile: PakFile PrimaryIndexSize=192
[2023.02.04-17.41.38:670][  0]LogPakFile: PakFile PathHashIndexSize=101
[2023.02.04-17.41.38:670][  0]LogPakFile: PakFile FullDirectoryIndexSize=158
[2023.02.04-17.41.38:670][  0]LogShaderLibrary: Display: ShaderCodeLibraryPakFileMountedCallback: PakFile 'C:/Program Files/Epic Games/UE_4.27/FeaturePacks/TP_VirtualRealityBP.upack' (chunk index -1, root 'root:/') mounted
[2023.02.04-17.41.38:670][  0]LogShaderLibrary: Display: ShaderCodeLibraryPakFileMountedCallback: pending pak file info (ChunkID:-1 Root:root:/ File:C:/Program Files/Epic Games/UE_4.27/FeaturePacks/TP_VirtualRealityBP.upack)
[2023.02.04-17.41.38:670][  0]LogPakFile: OnPakFileMounted2Time == 0.000021
[2023.02.04-17.41.38:704][  0]LogNativeClassHierarchy: Verbose: Native class hierarchy updated for 'AddContentDialog' in 0.0003 seconds. Added 0 classes and 0 folders.
[2023.02.04-17.41.41:164][  0]LogSlate: Took 0.000204 seconds to synchronously load lazily loaded font '../../../Engine/Content/Slate/Fonts/Roboto-Regular.ttf' (155K)
[2023.02.04-17.41.41:165][  0]LogSlate: Took 0.000166 seconds to synchronously load lazily loaded font '../../../Engine/Content/Editor/Slate/Fonts/FontAwesome.ttf' (139K)
[2023.02.04-17.41.41:167][  0]LogSlate: Took 0.000128 seconds to synchronously load lazily loaded font '../../../Engine/Content/Slate/Fonts/Roboto-Bold.ttf' (160K)
[2023.02.04-17.41.41:228][  0]LogRenderer: Reallocating scene render targets to support 756x428 Format 10 NumSamples 1 (Frame:1).
[2023.02.04-17.41.41:616][  0]LogSlate: Took 0.000147 seconds to synchronously load lazily loaded font '../../../Engine/Content/Slate/Fonts/Roboto-Light.ttf' (167K)
[2023.02.04-17.41.41:671][  0]LogNativeClassHierarchy: Verbose: Native class hierarchy updated for 'HierarchicalLODOutliner' in 0.0002 seconds. Added 0 classes and 0 folders.
[2023.02.04-17.41.41:671][  0]LogLoad: (Engine Initialization) Total time: 12.26 seconds
[2023.02.04-17.41.41:671][  0]LogLoad: (Engine Initialization) Total Blueprint compile time: 0.00 seconds
[2023.02.04-17.41.41:709][  0]LogAssetRegistry: Asset discovery search completed in 6.5872 seconds
[2023.02.04-17.41.41:713][  0]LogCollectionManager: Fixed up redirectors for 0 collections in 0.000003 seconds (updated 0 objects)
[2023.02.04-17.41.41:714][  0]LogContentStreaming: Texture pool size now 1000 MB
[2023.02.04-17.41.44:625][313]LogSlate: Took 0.000163 seconds to synchronously load lazily loaded font '../../../Engine/Content/Slate/Fonts/Roboto-Light.ttf' (167K)
[2023.02.04-17.41.44:644][313]LogAssetEditorSubsystem: Opening Asset editor for Blueprint /Game/TwinStickBP/Blueprints/Player.Player
[2023.02.04-17.41.44:756][313]LogNativeClassHierarchy: Verbose: Native class hierarchy updated for 'BlueprintGraph' in 0.0004 seconds. Added 126 classes and 0 folders.
[2023.02.04-17.41.45:335][313]LogSlate: Took 0.000164 seconds to synchronously load lazily loaded font '../../../Engine/Content/Slate/Fonts/Roboto-BoldCondensed.ttf' (158K)
[2023.02.04-17.41.52:020][900]LogSlate: Window 'Player' being destroyed
[2023.02.04-17.41.52:035][900]LogSlate: Window 'Player' being destroyed
[2023.02.04-17.41.52:037][900]LogWorld: UWorld::CleanupWorld for World_2, bSessionEnded=true, bCleanupResources=true
[2023.02.04-17.41.52:037][900]LogSlate: InvalidateAllWidgets triggered.  All widgets were invalidated
